2019-12-26 12:23:02,475 INFO  [org.jboss.modules] (main) JBoss Modules version 1.8.6.Final
2019-12-26 12:23:03,224 INFO  [org.jboss.msc] (main) JBoss MSC version 1.4.3.Final
2019-12-26 12:23:03,238 INFO  [org.jboss.threads] (main) JBoss Threads version 2.3.2.Final
2019-12-26 12:23:03,462 INFO  [org.jboss.as] (MSC service thread 1-2) WFLYSRV0049: WildFly Full 14.0.1.Final (WildFly Core 6.0.2.Final) starting
2019-12-26 12:23:03,464 DEBUG [org.jboss.as.config] (MSC service thread 1-2) Configured system properties:
	awt.toolkit = sun.awt.windows.WToolkit
	file.encoding = Cp1252
	file.encoding.pkg = sun.io
	file.separator = \
	java.awt.graphicsenv = sun.awt.Win32GraphicsEnvironment
	java.awt.headless = true
	java.awt.printerjob = sun.awt.windows.WPrinterJob
	java.class.path = C:\Users\Brucks\wildfly-14.0.1.Final\jboss-modules.jar
	java.class.version = 52.0
	java.endorsed.dirs = C:\Program Files\Java\jdk1.8.0_231\jre\lib\endorsed
	java.ext.dirs = C:\Program Files\Java\jdk1.8.0_231\jre\lib\ext;C:\Windows\Sun\Java\lib\ext
	java.home = C:\Program Files\Java\jdk1.8.0_231\jre
	java.io.tmpdir = C:\Users\Brucks\AppData\Local\Temp\
	java.library.path = C:\Program Files\Java\jdk1.8.0_231\bin;C:\Windows\Sun\Java\bin;C:\Windows\system32;C:\Windows;C:\Program Files\Java\jdk1.8.0_231\jre\bin;native;C:/Program Files/Java/jre1.8.0_231/bin/server;C:/Program Files/Java/jre1.8.0_231/bin;C:/Program Files/Java/jre1.8.0_231/lib/amd64;C:\Program Files (x86)\Common Files\Oracle\Java\javapath;C:\Windows\system32;C:\Windows;C:\Windows\System32\Wbem;C:\Windows\System32\WindowsPowerShell\v1.0\;C:\Program Files (x86)\Intel\OpenCL SDK\2.0\bin\x86;C:\Program Files (x86)\Intel\OpenCL SDK\2.0\bin\x64;C:\Program Files\PostgreSQL\10\bin;C:\Program Files\apache-maven-3.6.3\bin;C:\Program Files\Git\cmd;C:\Program Files\eclipse;;.
	java.net.preferIPv4Stack = true
	java.runtime.name = Java(TM) SE Runtime Environment
	java.runtime.version = 1.8.0_231-b11
	java.specification.name = Java Platform API Specification
	java.specification.vendor = Oracle Corporation
	java.specification.version = 1.8
	java.util.logging.manager = org.jboss.logmanager.LogManager
	java.vendor = Oracle Corporation
	java.vendor.url = http://java.oracle.com/
	java.vendor.url.bug = http://bugreport.sun.com/bugreport/
	java.version = 1.8.0_231
	java.vm.info = mixed mode
	java.vm.name = Java HotSpot(TM) 64-Bit Server VM
	java.vm.specification.name = Java Virtual Machine Specification
	java.vm.specification.vendor = Oracle Corporation
	java.vm.specification.version = 1.8
	java.vm.vendor = Oracle Corporation
	java.vm.version = 25.231-b11
	javax.management.builder.initial = org.jboss.as.jmx.PluggableMBeanServerBuilder
	jboss.bind.address = localhost
	jboss.bind.address.management = localhost
	jboss.home.dir = C:\Users\Brucks\wildfly-14.0.1.Final
	jboss.host.name = brucks-pc
	jboss.modules.dir = C:\Users\Brucks\wildfly-14.0.1.Final\modules
	jboss.modules.system.pkgs = org.jboss.byteman
	jboss.node.name = brucks-pc
	jboss.qualified.host.name = brucks-pc
	jboss.server.base.dir = C:\development\fussball\betting-dpl-package\src\main\resources
	jboss.server.config.dir = C:\development\fussball\betting-dpl-package\src\main\resources\configuration
	jboss.server.data.dir = C:\development\fussball\betting-dpl-package\src\main\resources\data
	jboss.server.deploy.dir = C:\development\fussball\betting-dpl-package\src\main\resources\data\content
	jboss.server.log.dir = C:\development\fussball\betting-dpl-package\src\main\resources\log
	jboss.server.name = brucks-pc
	jboss.server.persist.config = true
	jboss.server.temp.dir = C:\development\fussball\betting-dpl-package\src\main\resources\tmp
	line.separator = 

	logging.configuration = file:C:\development\fussball\betting-dpl-package\src\main\resources\configuration\logging.properties
	module.path = C:\Users\Brucks\wildfly-14.0.1.Final\modules
	org.jboss.boot.log.file = C:\development\fussball\betting-dpl-package\src\main\resources\log\boot.log
	org.jboss.logmanager.nocolor = true
	org.jboss.resolver.warning = true
	os.arch = amd64
	os.name = Windows 7
	os.version = 6.1
	path.separator = ;
	program.name = JBossTools: WildFly 14.0 Runtime 1 Server
	sun.arch.data.model = 64
	sun.boot.class.path = C:\Program Files\Java\jdk1.8.0_231\jre\lib\resources.jar;C:\Program Files\Java\jdk1.8.0_231\jre\lib\rt.jar;C:\Program Files\Java\jdk1.8.0_231\jre\lib\sunrsasign.jar;C:\Program Files\Java\jdk1.8.0_231\jre\lib\jsse.jar;C:\Program Files\Java\jdk1.8.0_231\jre\lib\jce.jar;C:\Program Files\Java\jdk1.8.0_231\jre\lib\charsets.jar;C:\Program Files\Java\jdk1.8.0_231\jre\lib\jfr.jar;C:\Program Files\Java\jdk1.8.0_231\jre\classes
	sun.boot.library.path = C:\Program Files\Java\jdk1.8.0_231\jre\bin
	sun.cpu.endian = little
	sun.cpu.isalist = amd64
	sun.desktop = windows
	sun.io.unicode.encoding = UnicodeLittle
	sun.java.command = org.jboss.modules.Main -mp C:\Users\Brucks\wildfly-14.0.1.Final\modules org.jboss.as.standalone -b localhost --server-config=standalone.xml -Djboss.server.base.dir=C:\development\fussball\betting-dpl-package\src\main\resources
	sun.java.launcher = SUN_STANDARD
	sun.jnu.encoding = Cp1252
	sun.management.compiler = HotSpot 64-Bit Tiered Compilers
	sun.os.patch.level = Service Pack 1
	sun.rmi.dgc.client.gcInterval = 3600000
	sun.rmi.dgc.server.gcInterval = 3600000
	user.country = DE
	user.dir = C:\Users\Brucks\wildfly-14.0.1.Final\bin
	user.home = C:\Users\Brucks
	user.language = de
	user.name = Brucks
	user.script = 
	user.timezone = Europe/Berlin
	user.variant = 
2019-12-26 12:23:03,465 DEBUG [org.jboss.as.config] (MSC service thread 1-2) VM Arguments: -agentlib:jdwp=transport=dt_socket,suspend=y,address=localhost:63995 -Dprogram.name=JBossTools: WildFly 14.0 Runtime 1 Server -Xms64m -Xmx512m -Dorg.jboss.resolver.warning=true -Djava.net.preferIPv4Stack=true -Dsun.rmi.dgc.client.gcInterval=3600000 -Dsun.rmi.dgc.server.gcInterval=3600000 -Djboss.modules.system.pkgs=org.jboss.byteman -Djava.awt.headless=true -Dorg.jboss.boot.log.file=C:\development\fussball\betting-dpl-package\src\main\resources\log\boot.log -Dlogging.configuration=file:C:\development\fussball\betting-dpl-package\src\main\resources\configuration\logging.properties -Djboss.home.dir=C:\Users\Brucks\wildfly-14.0.1.Final -Dorg.jboss.logmanager.nocolor=true -Djboss.bind.address.management=localhost -Dfile.encoding=Cp1252 
2019-12-26 12:23:05,154 INFO  [org.wildfly.security] (ServerService Thread Pool -- 26) ELY00001: WildFly Elytron version 1.6.0.Final
2019-12-26 12:23:06,215 INFO  [org.jboss.as.controller.management-deprecated] (Controller Boot Thread) WFLYCTL0028: Attribute 'security-realm' in the resource at address '/core-service=management/management-interface=http-interface' is deprecated, and may be removed in a future version. See the attribute description in the output of the read-resource-description operation to learn more about the deprecation.
2019-12-26 12:23:06,249 INFO  [org.jboss.as.controller.management-deprecated] (ServerService Thread Pool -- 17) WFLYCTL0028: Attribute 'security-realm' in the resource at address '/subsystem=undertow/server=default-server/https-listener=https' is deprecated, and may be removed in a future version. See the attribute description in the output of the read-resource-description operation to learn more about the deprecation.
2019-12-26 12:23:06,346 INFO  [org.jboss.as.server.deployment.scanner] (DeploymentScanner-threads - 1) WFLYDS0004: Found betting-app.ear in deployment directory. To trigger deployment create a file called betting-app.ear.dodeploy
2019-12-26 12:23:06,347 INFO  [org.jboss.as.server.deployment.scanner] (DeploymentScanner-threads - 1) WFLYDS0004: Found db-services.jar in deployment directory. To trigger deployment create a file called db-services.jar.dodeploy
2019-12-26 12:23:06,455 INFO  [org.jboss.as.server] (Controller Boot Thread) WFLYSRV0039: Creating http management service using socket-binding (management-http)
2019-12-26 12:23:06,497 INFO  [org.xnio] (MSC service thread 1-1) XNIO version 3.6.5.Final
2019-12-26 12:23:06,509 INFO  [org.xnio.nio] (MSC service thread 1-1) XNIO NIO Implementation Version 3.6.5.Final
2019-12-26 12:23:06,586 INFO  [org.jboss.as.security] (ServerService Thread Pool -- 66) WFLYSEC0002: Activating Security Subsystem
2019-12-26 12:23:06,609 WARN  [org.jboss.as.txn] (ServerService Thread Pool -- 68) WFLYTX0013: The node-identifier attribute on the /subsystem=transactions is set to the default value. This is a danger for environments running multiple servers. Please make sure the attribute value is unique.
2019-12-26 12:23:06,622 INFO  [org.jboss.as.jaxrs] (ServerService Thread Pool -- 50) WFLYRS0016: RESTEasy version 3.6.1.Final
2019-12-26 12:23:06,639 INFO  [org.jboss.as.webservices] (ServerService Thread Pool -- 70) WFLYWS0002: Activating WebServices Extension
2019-12-26 12:23:06,645 INFO  [org.wildfly.extension.microprofile.opentracing] (ServerService Thread Pool -- 59) WFLYTRACEXT0001: Activating MicroProfile OpenTracing Subsystem
2019-12-26 12:23:06,677 INFO  [org.wildfly.extension.microprofile.config.smallrye._private] (ServerService Thread Pool -- 57) WFLYCONF0001: Activating WildFly MicroProfile Config Subsystem
2019-12-26 12:23:06,654 INFO  [org.jboss.as.naming] (ServerService Thread Pool -- 60) WFLYNAM0001: Activating Naming Subsystem
2019-12-26 12:23:06,689 INFO  [org.wildfly.extension.microprofile.health.smallrye] (ServerService Thread Pool -- 58) WFLYHEALTH0001: Activating Eclipse MicroProfile Health Subsystem
2019-12-26 12:23:06,693 INFO  [org.jboss.as.security] (MSC service thread 1-3) WFLYSEC0001: Current PicketBox version=5.0.3.Final
2019-12-26 12:23:06,728 INFO  [org.jboss.as.clustering.infinispan] (ServerService Thread Pool -- 48) WFLYCLINF0001: Activating Infinispan subsystem.
2019-12-26 12:23:06,755 INFO  [org.jboss.as.mail.extension] (MSC service thread 1-2) WFLYMAIL0002: Unbound mail session [java:jboss/mail/Default]
2019-12-26 12:23:06,769 INFO  [org.jboss.as.connector] (MSC service thread 1-2) WFLYJCA0009: Starting JCA Subsystem (WildFly/IronJacamar 1.4.11.Final)
2019-12-26 12:23:06,892 INFO  [org.jboss.as.connector.subsystems.datasources] (ServerService Thread Pool -- 41) WFLYJCA0005: Deploying non-JDBC-compliant driver class org.postgresql.Driver (version 42.2)
2019-12-26 12:23:06,911 INFO  [org.wildfly.extension.undertow] (MSC service thread 1-3) WFLYUT0003: Undertow 2.0.13.Final starting
2019-12-26 12:23:06,922 INFO  [org.jboss.as.jsf] (ServerService Thread Pool -- 55) WFLYJSF0007: Activated the following JSF Implementations: [main]
2019-12-26 12:23:06,934 INFO  [org.jboss.as.connector.deployers.jdbc] (MSC service thread 1-6) WFLYJCA0018: Started Driver service with driver-name = postgresql
2019-12-26 12:23:06,936 INFO  [org.jboss.as.naming] (MSC service thread 1-7) WFLYNAM0003: Starting Naming Service
2019-12-26 12:23:06,942 INFO  [org.jboss.as.mail.extension] (MSC service thread 1-4) WFLYMAIL0001: Bound mail session [java:jboss/mail/Default]
2019-12-26 12:23:07,161 INFO  [org.jboss.as.connector.subsystems.datasources] (MSC service thread 1-7) WFLYJCA0099: Unbound non-transactional data source: java:jboss/postgresDS
2019-12-26 12:23:07,220 INFO  [org.wildfly.extension.io] (ServerService Thread Pool -- 49) WFLYIO001: Worker 'default' has auto-configured to 8 core threads with 64 task threads based on your 4 available processors
2019-12-26 12:23:07,238 INFO  [org.wildfly.extension.undertow] (ServerService Thread Pool -- 69) WFLYUT0014: Creating file handler for path 'C:\Users\Brucks\wildfly-14.0.1.Final/welcome-content' with options [directory-listing: 'false', follow-symlink: 'false', case-sensitive: 'true', safe-symlink-paths: '[]']
2019-12-26 12:23:07,582 INFO  [org.jboss.as.ejb3] (MSC service thread 1-5) WFLYEJB0482: Strict pool mdb-strict-max-pool is using a max instance size of 16 (per class), which is derived from the number of CPUs on this host.
2019-12-26 12:23:07,605 INFO  [org.wildfly.extension.undertow] (MSC service thread 1-1) WFLYUT0012: Started server default-server.
2019-12-26 12:23:07,617 INFO  [org.wildfly.extension.undertow] (MSC service thread 1-8) WFLYUT0018: Host default-host starting
2019-12-26 12:23:07,689 INFO  [org.jboss.as.ejb3] (MSC service thread 1-3) WFLYEJB0481: Strict pool slsb-strict-max-pool is using a max instance size of 64 (per class), which is derived from thread worker pool sizing.
2019-12-26 12:23:07,753 INFO  [org.wildfly.extension.undertow] (MSC service thread 1-1) WFLYUT0006: Undertow HTTP listener default listening on 127.0.0.1:8080
2019-12-26 12:23:07,767 WARN  [org.jboss.as.connector.subsystems.datasources.AbstractDataSourceService$AS7DataSourceDeployer] (MSC service thread 1-4) IJ020020: Connection Properties for DataSource: 'java:jboss/postgresDS' is empty, try to use driver-class: 'org.postgresql.Driver' and connection-url: 'jdbc:postgresql://localhost:5432/betting_db' to connect database
2019-12-26 12:23:07,787 INFO  [org.jboss.remoting] (MSC service thread 1-6) JBoss Remoting version 5.0.8.Final
2019-12-26 12:23:07,808 INFO  [org.jboss.as.connector.subsystems.datasources] (MSC service thread 1-3) WFLYJCA0098: Bound non-transactional data source: java:jboss/postgresDS
2019-12-26 12:23:08,917 INFO  [org.jboss.as.ejb3] (MSC service thread 1-8) WFLYEJB0493: EJB subsystem suspension complete
2019-12-26 12:23:08,918 WARN  [org.jboss.as.domain.management.security] (MSC service thread 1-7) WFLYDM0111: Keystore C:\development\fussball\betting-dpl-package\src\main\resources\configuration\application.keystore not found, it will be auto generated on first use with a self signed certificate for host localhost
2019-12-26 12:23:08,919 INFO  [org.jboss.as.patching] (MSC service thread 1-6) WFLYPAT0050: WildFly Full cumulative patch ID is: base, one-off patches include: none
2019-12-26 12:23:08,948 INFO  [org.jboss.as.server.deployment] (MSC service thread 1-2) WFLYSRV0027: Starting deployment of "betting-app.ear" (runtime-name: "betting-app.ear")
2019-12-26 12:23:08,936 INFO  [org.jboss.as.server.deployment.scanner] (MSC service thread 1-1) WFLYDS0013: Started FileSystemDeploymentService for directory C:\development\fussball\betting-dpl-package\src\main\resources\deployments
2019-12-26 12:23:08,956 INFO  [org.jboss.as.server.deployment] (MSC service thread 1-7) WFLYSRV0027: Starting deployment of "db-services.jar" (runtime-name: "db-services.jar")
2019-12-26 12:23:09,054 INFO  [org.jboss.as.server.deployment] (MSC service thread 1-1) WFLYSRV0207: Starting subdeployment (runtime-name: "betting-core-impl.jar")
2019-12-26 12:23:09,054 INFO  [org.jboss.as.server.deployment] (MSC service thread 1-3) WFLYSRV0207: Starting subdeployment (runtime-name: "db-services.jar")
2019-12-26 12:23:09,060 INFO  [org.jboss.as.server.deployment] (MSC service thread 1-5) WFLYSRV0207: Starting subdeployment (runtime-name: "betting-web.war")
2019-12-26 12:23:09,180 INFO  [org.wildfly.extension.undertow] (MSC service thread 1-5) WFLYUT0006: Undertow HTTPS listener https listening on 127.0.0.1:8443
2019-12-26 12:23:09,300 INFO  [org.jboss.ws.common.management] (MSC service thread 1-8) JBWS022052: Starting JBossWS 5.2.3.Final (Apache CXF 3.2.5.jbossorg-1) 
2019-12-26 12:23:09,733 INFO  [org.jboss.as.jpa] (MSC service thread 1-8) WFLYJPA0002: Read persistence.xml for db-services
2019-12-26 12:23:09,978 INFO  [org.jboss.as.jpa] (ServerService Thread Pool -- 72) WFLYJPA0003: Starting Persistence Unit Service 'betting-app.ear/db-services.jar#db-services'
2019-12-26 12:23:10,508 INFO  [org.eclipse.persistence.metadata] (ServerService Thread Pool -- 72) The access type for the persistent class [class db.entity.Player] is set to [FIELD].
2019-12-26 12:23:10,540 INFO  [org.eclipse.persistence.metadata] (ServerService Thread Pool -- 72) The target entity (reference) class for the one to many mapping element [field bettingPicks] is being defaulted to: class db.entity.BettingPick.
2019-12-26 12:23:10,542 INFO  [org.eclipse.persistence.metadata] (ServerService Thread Pool -- 72) The access type for the persistent class [class db.entity.Team] is set to [FIELD].
2019-12-26 12:23:10,543 INFO  [org.eclipse.persistence.metadata] (ServerService Thread Pool -- 72) The target entity (reference) class for the one to many mapping element [field matches] is being defaulted to: class db.entity.Match.
2019-12-26 12:23:10,543 INFO  [org.eclipse.persistence.metadata] (ServerService Thread Pool -- 72) The access type for the persistent class [class db.entity.Match] is set to [FIELD].
2019-12-26 12:23:10,545 INFO  [org.eclipse.persistence.metadata] (ServerService Thread Pool -- 72) The target entity (reference) class for the one to many mapping element [field bettingPicks] is being defaulted to: class db.entity.BettingPick.
2019-12-26 12:23:10,548 INFO  [org.eclipse.persistence.metadata] (ServerService Thread Pool -- 72) The target entity (reference) class for the many to one mapping element [field team] is being defaulted to: class db.entity.Team.
2019-12-26 12:23:10,548 INFO  [org.eclipse.persistence.metadata] (ServerService Thread Pool -- 72) The target entity (reference) class for the many to one mapping element [field tournament] is being defaulted to: class db.entity.Tournament.
2019-12-26 12:23:10,549 INFO  [org.eclipse.persistence.metadata] (ServerService Thread Pool -- 72) The access type for the persistent class [class db.entity.BettingPick] is set to [FIELD].
2019-12-26 12:23:10,550 INFO  [org.eclipse.persistence.metadata] (ServerService Thread Pool -- 72) The target entity (reference) class for the many to one mapping element [field match] is being defaulted to: class db.entity.Match.
2019-12-26 12:23:10,550 INFO  [org.eclipse.persistence.metadata] (ServerService Thread Pool -- 72) The target entity (reference) class for the many to one mapping element [field player] is being defaulted to: class db.entity.Player.
2019-12-26 12:23:10,551 INFO  [org.eclipse.persistence.metadata] (ServerService Thread Pool -- 72) The access type for the persistent class [class db.entity.Tournament] is set to [FIELD].
2019-12-26 12:23:10,552 INFO  [org.eclipse.persistence.metadata] (ServerService Thread Pool -- 72) The target entity (reference) class for the one to many mapping element [field matches] is being defaulted to: class db.entity.Match.
2019-12-26 12:23:10,552 INFO  [org.eclipse.persistence.metadata] (ServerService Thread Pool -- 72) The alias name for the entity class [class db.entity.Player] is being defaulted to: Player.
2019-12-26 12:23:10,552 INFO  [org.infinispan.factories.GlobalComponentRegistry] (MSC service thread 1-6) ISPN000128: Infinispan version: Infinispan 'Estrella Galicia' 9.3.1.Final
2019-12-26 12:23:10,572 INFO  [org.eclipse.persistence.metadata] (ServerService Thread Pool -- 72) The alias name for the entity class [class db.entity.Team] is being defaulted to: Team.
2019-12-26 12:23:10,573 INFO  [org.eclipse.persistence.metadata] (ServerService Thread Pool -- 72) The alias name for the entity class [class db.entity.Match] is being defaulted to: Match.
2019-12-26 12:23:10,575 INFO  [org.eclipse.persistence.metadata] (ServerService Thread Pool -- 72) The alias name for the entity class [class db.entity.BettingPick] is being defaulted to: BettingPick.
2019-12-26 12:23:10,576 INFO  [org.eclipse.persistence.metadata] (ServerService Thread Pool -- 72) The alias name for the entity class [class db.entity.Tournament] is being defaulted to: Tournament.
2019-12-26 12:23:10,595 INFO  [org.eclipse.persistence.metadata] (ServerService Thread Pool -- 72) The primary key column name for the mapping element [field team] is being defaulted to: team_id.
2019-12-26 12:23:10,597 INFO  [org.eclipse.persistence.metadata] (ServerService Thread Pool -- 72) The primary key column name for the mapping element [field tournament] is being defaulted to: tournament_id.
2019-12-26 12:23:10,597 INFO  [org.eclipse.persistence.metadata] (ServerService Thread Pool -- 72) The primary key column name for the mapping element [field match] is being defaulted to: match_id.
2019-12-26 12:23:10,598 INFO  [org.eclipse.persistence.metadata] (ServerService Thread Pool -- 72) The primary key column name for the mapping element [field player] is being defaulted to: player_id.
2019-12-26 12:23:10,894 INFO  [org.jboss.weld.deployer] (MSC service thread 1-8) WFLYWELD0003: Processing weld deployment betting-app.ear
2019-12-26 12:23:11,019 INFO  [org.jboss.as.clustering.infinispan] (ServerService Thread Pool -- 73) WFLYCLINF0002: Started client-mappings cache from ejb container
2019-12-26 12:23:11,242 INFO  [org.hibernate.validator.internal.util.Version] (MSC service thread 1-8) HV000001: Hibernate Validator 6.0.13.Final
2019-12-26 12:23:11,491 INFO  [org.jboss.weld.deployer] (MSC service thread 1-8) WFLYWELD0003: Processing weld deployment betting-core-impl.jar
2019-12-26 12:23:11,516 INFO  [org.jboss.weld.deployer] (MSC service thread 1-2) WFLYWELD0003: Processing weld deployment betting-web.war
2019-12-26 12:23:11,556 INFO  [org.jboss.weld.deployer] (MSC service thread 1-6) WFLYWELD0003: Processing weld deployment db-services.jar
2019-12-26 12:23:11,592 INFO  [org.jboss.as.ejb3.deployment] (MSC service thread 1-6) WFLYEJB0473: JNDI bindings for session bean named 'PSQLConnectorService' in deployment unit 'subdeployment "db-services.jar" of deployment "betting-app.ear"' are as follows:

	java:global/betting-app/db-services/PSQLConnectorService!db.connection.PSQLConnectorService
	java:app/db-services/PSQLConnectorService!db.connection.PSQLConnectorService
	java:module/PSQLConnectorService!db.connection.PSQLConnectorService
	ejb:betting-app/db-services/PSQLConnectorService!db.connection.PSQLConnectorService
	java:global/betting-app/db-services/PSQLConnectorService
	java:app/db-services/PSQLConnectorService
	java:module/PSQLConnectorService

2019-12-26 12:23:11,693 INFO  [org.jboss.weld.Version] (MSC service thread 1-6) WELD-000900: 3.0.5 (Final)
2019-12-26 12:23:13,040 WARN  [io.jaegertracing.internal.senders.SenderResolver] (ServerService Thread Pool -- 72) No suitable sender found. Using NoopSender, meaning that data will not be sent anywhere!
2019-12-26 12:23:13,098 INFO  [io.jaegertracing.Configuration] (ServerService Thread Pool -- 72) Initialized tracer=JaegerTracer(version=Java-0.30.6, serviceName=betting-app.ear!betting-web.war, reporter=RemoteReporter(sender=NoopSender(), closeEnqueueTimeout=1000), sampler=RemoteControlledSampler(maxOperations=2000, manager=HttpSamplingManager(hostPort=localhost:5778), sampler=ProbabilisticSampler(tags={sampler.type=probabilistic, sampler.param=0.001})), tags={hostname=Brucks-PC, jaeger.version=Java-0.30.6, ip=192.168.8.142}, zipkinSharedRpcSpan=false, expandExceptionLogs=false)
2019-12-26 12:23:13,341 INFO  [org.wildfly.extension.undertow] (ServerService Thread Pool -- 72) WFLYUT0021: Registered web context: '/betting-web' for server 'default-server'
2019-12-26 12:23:13,400 INFO  [org.jboss.as.server] (ServerService Thread Pool -- 42) WFLYSRV0010: Deployed "db-services.jar" (runtime-name : "db-services.jar")
2019-12-26 12:23:13,401 INFO  [org.jboss.as.server] (ServerService Thread Pool -- 42) WFLYSRV0010: Deployed "betting-app.ear" (runtime-name : "betting-app.ear")
2019-12-26 12:23:13,504 INFO  [org.jboss.as.server] (Controller Boot Thread) WFLYSRV0212: Resuming server
2019-12-26 12:23:13,507 INFO  [org.jboss.as] (Controller Boot Thread) WFLYSRV0060: Http management interface listening on http://127.0.0.1:9990/management
2019-12-26 12:23:13,507 INFO  [org.jboss.as] (Controller Boot Thread) WFLYSRV0051: Admin console listening on http://127.0.0.1:9990
2019-12-26 12:23:13,508 INFO  [org.jboss.as] (Controller Boot Thread) WFLYSRV0025: WildFly Full 14.0.1.Final (WildFly Core 6.0.2.Final) started in 11698ms - Started 588 of 775 services (338 services are lazy, passive or on-demand)
2019-12-26 12:50:41,458 INFO  [org.jboss.as.server] (management-handler-thread - 3) WFLYSRV0236: Suspending server with no timeout.
2019-12-26 12:50:41,480 INFO  [org.jboss.as.ejb3] (management-handler-thread - 3) WFLYEJB0493: EJB subsystem suspension complete
2019-12-26 12:50:41,487 INFO  [org.jboss.as.server] (Management Triggered Shutdown) WFLYSRV0241: Shutting down in response to management operation 'shutdown'
2019-12-26 12:50:41,570 INFO  [org.jboss.as.mail.extension] (MSC service thread 1-1) WFLYMAIL0002: Unbound mail session [java:jboss/mail/Default]
2019-12-26 12:50:41,656 INFO  [org.wildfly.extension.undertow] (ServerService Thread Pool -- 2) WFLYUT0022: Unregistered web context: '/betting-web' from server 'default-server'
2019-12-26 12:50:41,783 INFO  [org.wildfly.extension.undertow] (MSC service thread 1-1) WFLYUT0019: Host default-host stopping
2019-12-26 12:50:41,835 INFO  [org.jboss.as.server.deployment] (MSC service thread 1-4) WFLYSRV0028: Stopped deployment db-services.jar (runtime-name: db-services.jar) in 330ms
2019-12-26 12:50:41,895 INFO  [org.jboss.as.jpa] (ServerService Thread Pool -- 76) WFLYJPA0004: Stopping Persistence Unit Service 'betting-app.ear/db-services.jar#db-services'
2019-12-26 12:50:41,927 INFO  [org.jboss.as.clustering.infinispan] (ServerService Thread Pool -- 2) WFLYCLINF0003: Stopped client-mappings cache from ejb container
2019-12-26 12:50:41,932 INFO  [org.jboss.as.connector.subsystems.datasources] (MSC service thread 1-4) WFLYJCA0099: Unbound non-transactional data source: java:jboss/postgresDS
2019-12-26 12:50:41,935 INFO  [org.jboss.as.connector.deployers.jdbc] (MSC service thread 1-7) WFLYJCA0019: Stopped Driver service with driver-name = postgresql
2019-12-26 12:50:41,937 INFO  [org.jboss.as.server.deployment] (MSC service thread 1-3) WFLYSRV0208: Stopped subdeployment (runtime-name: betting-core-impl.jar) in 434ms
2019-12-26 12:50:41,938 INFO  [org.wildfly.extension.undertow] (MSC service thread 1-5) WFLYUT0008: Undertow HTTPS listener https suspending
2019-12-26 12:50:41,938 INFO  [org.jboss.as.server.deployment] (MSC service thread 1-4) WFLYSRV0208: Stopped subdeployment (runtime-name: db-services.jar) in 430ms
2019-12-26 12:50:41,940 INFO  [org.wildfly.extension.undertow] (MSC service thread 1-6) WFLYUT0008: Undertow HTTP listener default suspending
2019-12-26 12:50:41,939 INFO  [org.jboss.as.server.deployment] (MSC service thread 1-8) WFLYSRV0208: Stopped subdeployment (runtime-name: betting-web.war) in 438ms
2019-12-26 12:50:41,940 INFO  [org.wildfly.extension.undertow] (MSC service thread 1-5) WFLYUT0007: Undertow HTTPS listener https stopped, was bound to 127.0.0.1:8443
2019-12-26 12:50:41,941 INFO  [org.wildfly.extension.undertow] (MSC service thread 1-6) WFLYUT0007: Undertow HTTP listener default stopped, was bound to 127.0.0.1:8080
2019-12-26 12:50:41,943 INFO  [org.jboss.as.server.deployment] (MSC service thread 1-8) WFLYSRV0028: Stopped deployment betting-app.ear (runtime-name: betting-app.ear) in 438ms
2019-12-26 12:50:41,943 INFO  [org.wildfly.extension.undertow] (MSC service thread 1-6) WFLYUT0004: Undertow 2.0.13.Final stopping
2019-12-26 12:50:41,962 INFO  [org.jboss.as] (MSC service thread 1-3) WFLYSRV0050: WildFly Full 14.0.1.Final (WildFly Core 6.0.2.Final) stopped in 459ms
2019-12-26 12:50:44,105 INFO  [org.jboss.modules] (main) JBoss Modules version 1.8.6.Final
2019-12-26 12:50:44,792 INFO  [org.jboss.msc] (main) JBoss MSC version 1.4.3.Final
2019-12-26 12:50:44,807 INFO  [org.jboss.threads] (main) JBoss Threads version 2.3.2.Final
2019-12-26 12:50:45,012 INFO  [org.jboss.as] (MSC service thread 1-2) WFLYSRV0049: WildFly Full 14.0.1.Final (WildFly Core 6.0.2.Final) starting
2019-12-26 12:50:45,014 DEBUG [org.jboss.as.config] (MSC service thread 1-2) Configured system properties:
	awt.toolkit = sun.awt.windows.WToolkit
	file.encoding = Cp1252
	file.encoding.pkg = sun.io
	file.separator = \
	java.awt.graphicsenv = sun.awt.Win32GraphicsEnvironment
	java.awt.headless = true
	java.awt.printerjob = sun.awt.windows.WPrinterJob
	java.class.path = C:\Users\Brucks\wildfly-14.0.1.Final\jboss-modules.jar
	java.class.version = 52.0
	java.endorsed.dirs = C:\Program Files\Java\jdk1.8.0_231\jre\lib\endorsed
	java.ext.dirs = C:\Program Files\Java\jdk1.8.0_231\jre\lib\ext;C:\Windows\Sun\Java\lib\ext
	java.home = C:\Program Files\Java\jdk1.8.0_231\jre
	java.io.tmpdir = C:\Users\Brucks\AppData\Local\Temp\
	java.library.path = C:\Program Files\Java\jdk1.8.0_231\bin;C:\Windows\Sun\Java\bin;C:\Windows\system32;C:\Windows;C:\Program Files\Java\jdk1.8.0_231\jre\bin;native;C:/Program Files/Java/jre1.8.0_231/bin/server;C:/Program Files/Java/jre1.8.0_231/bin;C:/Program Files/Java/jre1.8.0_231/lib/amd64;C:\Program Files (x86)\Common Files\Oracle\Java\javapath;C:\Windows\system32;C:\Windows;C:\Windows\System32\Wbem;C:\Windows\System32\WindowsPowerShell\v1.0\;C:\Program Files (x86)\Intel\OpenCL SDK\2.0\bin\x86;C:\Program Files (x86)\Intel\OpenCL SDK\2.0\bin\x64;C:\Program Files\PostgreSQL\10\bin;C:\Program Files\apache-maven-3.6.3\bin;C:\Program Files\Git\cmd;C:\Program Files\eclipse;;.
	java.net.preferIPv4Stack = true
	java.runtime.name = Java(TM) SE Runtime Environment
	java.runtime.version = 1.8.0_231-b11
	java.specification.name = Java Platform API Specification
	java.specification.vendor = Oracle Corporation
	java.specification.version = 1.8
	java.util.logging.manager = org.jboss.logmanager.LogManager
	java.vendor = Oracle Corporation
	java.vendor.url = http://java.oracle.com/
	java.vendor.url.bug = http://bugreport.sun.com/bugreport/
	java.version = 1.8.0_231
	java.vm.info = mixed mode
	java.vm.name = Java HotSpot(TM) 64-Bit Server VM
	java.vm.specification.name = Java Virtual Machine Specification
	java.vm.specification.vendor = Oracle Corporation
	java.vm.specification.version = 1.8
	java.vm.vendor = Oracle Corporation
	java.vm.version = 25.231-b11
	javax.management.builder.initial = org.jboss.as.jmx.PluggableMBeanServerBuilder
	jboss.bind.address = localhost
	jboss.bind.address.management = localhost
	jboss.home.dir = C:\Users\Brucks\wildfly-14.0.1.Final
	jboss.host.name = brucks-pc
	jboss.modules.dir = C:\Users\Brucks\wildfly-14.0.1.Final\modules
	jboss.modules.system.pkgs = org.jboss.byteman
	jboss.node.name = brucks-pc
	jboss.qualified.host.name = brucks-pc
	jboss.server.base.dir = C:\development\fussball\betting-dpl-package\src\main\resources
	jboss.server.config.dir = C:\development\fussball\betting-dpl-package\src\main\resources\configuration
	jboss.server.data.dir = C:\development\fussball\betting-dpl-package\src\main\resources\data
	jboss.server.deploy.dir = C:\development\fussball\betting-dpl-package\src\main\resources\data\content
	jboss.server.log.dir = C:\development\fussball\betting-dpl-package\src\main\resources\log
	jboss.server.name = brucks-pc
	jboss.server.persist.config = true
	jboss.server.temp.dir = C:\development\fussball\betting-dpl-package\src\main\resources\tmp
	line.separator = 

	logging.configuration = file:C:\development\fussball\betting-dpl-package\src\main\resources\configuration\logging.properties
	module.path = C:\Users\Brucks\wildfly-14.0.1.Final\modules
	org.jboss.boot.log.file = C:\development\fussball\betting-dpl-package\src\main\resources\log\boot.log
	org.jboss.logmanager.nocolor = true
	org.jboss.resolver.warning = true
	os.arch = amd64
	os.name = Windows 7
	os.version = 6.1
	path.separator = ;
	program.name = JBossTools: WildFly 14.0 Runtime 1 Server
	sun.arch.data.model = 64
	sun.boot.class.path = C:\Program Files\Java\jdk1.8.0_231\jre\lib\resources.jar;C:\Program Files\Java\jdk1.8.0_231\jre\lib\rt.jar;C:\Program Files\Java\jdk1.8.0_231\jre\lib\sunrsasign.jar;C:\Program Files\Java\jdk1.8.0_231\jre\lib\jsse.jar;C:\Program Files\Java\jdk1.8.0_231\jre\lib\jce.jar;C:\Program Files\Java\jdk1.8.0_231\jre\lib\charsets.jar;C:\Program Files\Java\jdk1.8.0_231\jre\lib\jfr.jar;C:\Program Files\Java\jdk1.8.0_231\jre\classes
	sun.boot.library.path = C:\Program Files\Java\jdk1.8.0_231\jre\bin
	sun.cpu.endian = little
	sun.cpu.isalist = amd64
	sun.desktop = windows
	sun.io.unicode.encoding = UnicodeLittle
	sun.java.command = org.jboss.modules.Main -mp C:\Users\Brucks\wildfly-14.0.1.Final\modules org.jboss.as.standalone -b localhost --server-config=standalone.xml -Djboss.server.base.dir=C:\development\fussball\betting-dpl-package\src\main\resources
	sun.java.launcher = SUN_STANDARD
	sun.jnu.encoding = Cp1252
	sun.management.compiler = HotSpot 64-Bit Tiered Compilers
	sun.os.patch.level = Service Pack 1
	sun.rmi.dgc.client.gcInterval = 3600000
	sun.rmi.dgc.server.gcInterval = 3600000
	user.country = DE
	user.dir = C:\Users\Brucks\wildfly-14.0.1.Final\bin
	user.home = C:\Users\Brucks
	user.language = de
	user.name = Brucks
	user.script = 
	user.timezone = Europe/Berlin
	user.variant = 
2019-12-26 12:50:45,016 DEBUG [org.jboss.as.config] (MSC service thread 1-2) VM Arguments: -agentlib:jdwp=transport=dt_socket,suspend=y,address=localhost:64194 -Dprogram.name=JBossTools: WildFly 14.0 Runtime 1 Server -Xms64m -Xmx512m -Dorg.jboss.resolver.warning=true -Djava.net.preferIPv4Stack=true -Dsun.rmi.dgc.client.gcInterval=3600000 -Dsun.rmi.dgc.server.gcInterval=3600000 -Djboss.modules.system.pkgs=org.jboss.byteman -Djava.awt.headless=true -Dorg.jboss.boot.log.file=C:\development\fussball\betting-dpl-package\src\main\resources\log\boot.log -Dlogging.configuration=file:C:\development\fussball\betting-dpl-package\src\main\resources\configuration\logging.properties -Djboss.home.dir=C:\Users\Brucks\wildfly-14.0.1.Final -Dorg.jboss.logmanager.nocolor=true -Djboss.bind.address.management=localhost -Dfile.encoding=Cp1252 
2019-12-26 12:50:46,493 INFO  [org.wildfly.security] (ServerService Thread Pool -- 25) ELY00001: WildFly Elytron version 1.6.0.Final
2019-12-26 12:50:47,599 INFO  [org.jboss.as.controller.management-deprecated] (Controller Boot Thread) WFLYCTL0028: Attribute 'security-realm' in the resource at address '/core-service=management/management-interface=http-interface' is deprecated, and may be removed in a future version. See the attribute description in the output of the read-resource-description operation to learn more about the deprecation.
2019-12-26 12:50:47,716 INFO  [org.jboss.as.server.deployment.scanner] (DeploymentScanner-threads - 1) WFLYDS0004: Found betting-app.ear in deployment directory. To trigger deployment create a file called betting-app.ear.dodeploy
2019-12-26 12:50:47,717 INFO  [org.jboss.as.server.deployment.scanner] (DeploymentScanner-threads - 1) WFLYDS0004: Found db-services.jar in deployment directory. To trigger deployment create a file called db-services.jar.dodeploy
2019-12-26 12:50:47,733 INFO  [org.jboss.as.controller.management-deprecated] (ServerService Thread Pool -- 34) WFLYCTL0028: Attribute 'security-realm' in the resource at address '/subsystem=undertow/server=default-server/https-listener=https' is deprecated, and may be removed in a future version. See the attribute description in the output of the read-resource-description operation to learn more about the deprecation.
2019-12-26 12:50:47,857 INFO  [org.jboss.as.server] (Controller Boot Thread) WFLYSRV0039: Creating http management service using socket-binding (management-http)
2019-12-26 12:50:47,901 INFO  [org.xnio] (MSC service thread 1-8) XNIO version 3.6.5.Final
2019-12-26 12:50:47,918 INFO  [org.xnio.nio] (MSC service thread 1-8) XNIO NIO Implementation Version 3.6.5.Final
2019-12-26 12:50:47,990 INFO  [org.jboss.as.webservices] (ServerService Thread Pool -- 70) WFLYWS0002: Activating WebServices Extension
2019-12-26 12:50:48,004 INFO  [org.jboss.as.security] (ServerService Thread Pool -- 66) WFLYSEC0002: Activating Security Subsystem
2019-12-26 12:50:48,054 INFO  [org.jboss.as.jaxrs] (ServerService Thread Pool -- 50) WFLYRS0016: RESTEasy version 3.6.1.Final
2019-12-26 12:50:48,071 INFO  [org.wildfly.extension.microprofile.opentracing] (ServerService Thread Pool -- 59) WFLYTRACEXT0001: Activating MicroProfile OpenTracing Subsystem
2019-12-26 12:50:48,146 WARN  [org.jboss.as.txn] (ServerService Thread Pool -- 68) WFLYTX0013: The node-identifier attribute on the /subsystem=transactions is set to the default value. This is a danger for environments running multiple servers. Please make sure the attribute value is unique.
2019-12-26 12:50:48,163 INFO  [org.wildfly.extension.microprofile.config.smallrye._private] (ServerService Thread Pool -- 57) WFLYCONF0001: Activating WildFly MicroProfile Config Subsystem
2019-12-26 12:50:48,192 INFO  [org.jboss.as.naming] (ServerService Thread Pool -- 60) WFLYNAM0001: Activating Naming Subsystem
2019-12-26 12:50:48,213 INFO  [org.jboss.as.connector] (MSC service thread 1-2) WFLYJCA0009: Starting JCA Subsystem (WildFly/IronJacamar 1.4.11.Final)
2019-12-26 12:50:48,223 INFO  [org.jboss.as.jsf] (ServerService Thread Pool -- 55) WFLYJSF0007: Activated the following JSF Implementations: [main]
2019-12-26 12:50:48,228 INFO  [org.jboss.as.clustering.infinispan] (ServerService Thread Pool -- 48) WFLYCLINF0001: Activating Infinispan subsystem.
2019-12-26 12:50:48,236 INFO  [org.jboss.as.security] (MSC service thread 1-5) WFLYSEC0001: Current PicketBox version=5.0.3.Final
2019-12-26 12:50:48,284 INFO  [org.wildfly.extension.microprofile.health.smallrye] (ServerService Thread Pool -- 58) WFLYHEALTH0001: Activating Eclipse MicroProfile Health Subsystem
2019-12-26 12:50:48,314 INFO  [org.wildfly.extension.undertow] (MSC service thread 1-4) WFLYUT0003: Undertow 2.0.13.Final starting
2019-12-26 12:50:48,411 INFO  [org.jboss.as.mail.extension] (MSC service thread 1-3) WFLYMAIL0002: Unbound mail session [java:jboss/mail/Default]
2019-12-26 12:50:48,460 INFO  [org.jboss.as.connector.subsystems.datasources] (ServerService Thread Pool -- 41) WFLYJCA0005: Deploying non-JDBC-compliant driver class org.postgresql.Driver (version 42.2)
2019-12-26 12:50:48,595 INFO  [org.jboss.as.connector.subsystems.datasources] (MSC service thread 1-7) WFLYJCA0099: Unbound non-transactional data source: java:jboss/postgresDS
2019-12-26 12:50:48,599 INFO  [org.jboss.as.connector.deployers.jdbc] (MSC service thread 1-2) WFLYJCA0018: Started Driver service with driver-name = postgresql
2019-12-26 12:50:48,763 INFO  [org.jboss.as.naming] (MSC service thread 1-2) WFLYNAM0003: Starting Naming Service
2019-12-26 12:50:48,847 INFO  [org.jboss.as.mail.extension] (MSC service thread 1-6) WFLYMAIL0001: Bound mail session [java:jboss/mail/Default]
2019-12-26 12:50:48,934 INFO  [org.wildfly.extension.io] (ServerService Thread Pool -- 49) WFLYIO001: Worker 'default' has auto-configured to 8 core threads with 64 task threads based on your 4 available processors
2019-12-26 12:50:49,016 INFO  [org.jboss.as.ejb3] (MSC service thread 1-5) WFLYEJB0482: Strict pool mdb-strict-max-pool is using a max instance size of 16 (per class), which is derived from the number of CPUs on this host.
2019-12-26 12:50:49,016 INFO  [org.jboss.as.ejb3] (MSC service thread 1-7) WFLYEJB0481: Strict pool slsb-strict-max-pool is using a max instance size of 64 (per class), which is derived from thread worker pool sizing.
2019-12-26 12:50:49,119 INFO  [org.wildfly.extension.undertow] (ServerService Thread Pool -- 69) WFLYUT0014: Creating file handler for path 'C:\Users\Brucks\wildfly-14.0.1.Final/welcome-content' with options [directory-listing: 'false', follow-symlink: 'false', case-sensitive: 'true', safe-symlink-paths: '[]']
2019-12-26 12:50:49,186 WARN  [org.jboss.as.connector.subsystems.datasources.AbstractDataSourceService$AS7DataSourceDeployer] (MSC service thread 1-6) IJ020020: Connection Properties for DataSource: 'java:jboss/postgresDS' is empty, try to use driver-class: 'org.postgresql.Driver' and connection-url: 'jdbc:postgresql://localhost:5432/betting_db' to connect database
2019-12-26 12:50:49,201 INFO  [org.jboss.as.connector.subsystems.datasources] (MSC service thread 1-7) WFLYJCA0098: Bound non-transactional data source: java:jboss/postgresDS
2019-12-26 12:50:49,204 INFO  [org.wildfly.extension.undertow] (MSC service thread 1-6) WFLYUT0012: Started server default-server.
2019-12-26 12:50:49,211 INFO  [org.wildfly.extension.undertow] (MSC service thread 1-7) WFLYUT0018: Host default-host starting
2019-12-26 12:50:49,329 INFO  [org.wildfly.extension.undertow] (MSC service thread 1-1) WFLYUT0006: Undertow HTTP listener default listening on 127.0.0.1:8080
2019-12-26 12:50:49,362 INFO  [org.jboss.remoting] (MSC service thread 1-5) JBoss Remoting version 5.0.8.Final
2019-12-26 12:50:49,366 INFO  [org.jboss.as.ejb3] (MSC service thread 1-1) WFLYEJB0493: EJB subsystem suspension complete
2019-12-26 12:50:49,873 INFO  [org.jboss.as.patching] (MSC service thread 1-3) WFLYPAT0050: WildFly Full cumulative patch ID is: base, one-off patches include: none
2019-12-26 12:50:49,916 WARN  [org.jboss.as.domain.management.security] (MSC service thread 1-2) WFLYDM0111: Keystore C:\development\fussball\betting-dpl-package\src\main\resources\configuration\application.keystore not found, it will be auto generated on first use with a self signed certificate for host localhost
2019-12-26 12:50:49,937 INFO  [org.jboss.as.server.deployment.scanner] (MSC service thread 1-2) WFLYDS0013: Started FileSystemDeploymentService for directory C:\development\fussball\betting-dpl-package\src\main\resources\deployments
2019-12-26 12:50:49,957 INFO  [org.jboss.as.server.deployment] (MSC service thread 1-2) WFLYSRV0027: Starting deployment of "betting-app.ear" (runtime-name: "betting-app.ear")
2019-12-26 12:50:49,961 INFO  [org.jboss.as.server.deployment] (MSC service thread 1-2) WFLYSRV0027: Starting deployment of "db-services.jar" (runtime-name: "db-services.jar")
2019-12-26 12:50:50,111 INFO  [org.jboss.as.server.deployment] (MSC service thread 1-3) WFLYSRV0207: Starting subdeployment (runtime-name: "betting-core-impl.jar")
2019-12-26 12:50:50,112 INFO  [org.jboss.as.server.deployment] (MSC service thread 1-5) WFLYSRV0207: Starting subdeployment (runtime-name: "betting-web.war")
2019-12-26 12:50:50,111 INFO  [org.jboss.as.server.deployment] (MSC service thread 1-6) WFLYSRV0207: Starting subdeployment (runtime-name: "db-services.jar")
2019-12-26 12:50:50,223 INFO  [org.wildfly.extension.undertow] (MSC service thread 1-7) WFLYUT0006: Undertow HTTPS listener https listening on 127.0.0.1:8443
2019-12-26 12:50:50,339 INFO  [org.jboss.ws.common.management] (MSC service thread 1-2) JBWS022052: Starting JBossWS 5.2.3.Final (Apache CXF 3.2.5.jbossorg-1) 
2019-12-26 12:50:50,780 INFO  [org.jboss.as.jpa] (MSC service thread 1-2) WFLYJPA0002: Read persistence.xml for db-services
2019-12-26 12:50:51,058 INFO  [org.jboss.as.jpa] (ServerService Thread Pool -- 72) WFLYJPA0003: Starting Persistence Unit Service 'betting-app.ear/db-services.jar#db-services'
2019-12-26 12:50:51,626 INFO  [org.infinispan.factories.GlobalComponentRegistry] (MSC service thread 1-5) ISPN000128: Infinispan version: Infinispan 'Estrella Galicia' 9.3.1.Final
2019-12-26 12:50:51,629 INFO  [org.eclipse.persistence.metadata] (ServerService Thread Pool -- 72) The access type for the persistent class [class db.entity.Player] is set to [FIELD].
2019-12-26 12:50:51,676 INFO  [org.eclipse.persistence.metadata] (ServerService Thread Pool -- 72) The target entity (reference) class for the one to many mapping element [field bettingPicks] is being defaulted to: class db.entity.BettingPick.
2019-12-26 12:50:51,678 INFO  [org.eclipse.persistence.metadata] (ServerService Thread Pool -- 72) The access type for the persistent class [class db.entity.Team] is set to [FIELD].
2019-12-26 12:50:51,679 INFO  [org.eclipse.persistence.metadata] (ServerService Thread Pool -- 72) The target entity (reference) class for the one to many mapping element [field matches] is being defaulted to: class db.entity.Match.
2019-12-26 12:50:51,679 INFO  [org.eclipse.persistence.metadata] (ServerService Thread Pool -- 72) The access type for the persistent class [class db.entity.Match] is set to [FIELD].
2019-12-26 12:50:51,680 INFO  [org.eclipse.persistence.metadata] (ServerService Thread Pool -- 72) The target entity (reference) class for the one to many mapping element [field bettingPicks] is being defaulted to: class db.entity.BettingPick.
2019-12-26 12:50:51,683 INFO  [org.eclipse.persistence.metadata] (ServerService Thread Pool -- 72) The target entity (reference) class for the many to one mapping element [field team] is being defaulted to: class db.entity.Team.
2019-12-26 12:50:51,684 INFO  [org.eclipse.persistence.metadata] (ServerService Thread Pool -- 72) The target entity (reference) class for the many to one mapping element [field tournament] is being defaulted to: class db.entity.Tournament.
2019-12-26 12:50:51,684 INFO  [org.eclipse.persistence.metadata] (ServerService Thread Pool -- 72) The access type for the persistent class [class db.entity.BettingPick] is set to [FIELD].
2019-12-26 12:50:51,685 INFO  [org.eclipse.persistence.metadata] (ServerService Thread Pool -- 72) The target entity (reference) class for the many to one mapping element [field match] is being defaulted to: class db.entity.Match.
2019-12-26 12:50:51,685 INFO  [org.eclipse.persistence.metadata] (ServerService Thread Pool -- 72) The target entity (reference) class for the many to one mapping element [field player] is being defaulted to: class db.entity.Player.
2019-12-26 12:50:51,686 INFO  [org.eclipse.persistence.metadata] (ServerService Thread Pool -- 72) The access type for the persistent class [class db.entity.Tournament] is set to [FIELD].
2019-12-26 12:50:51,686 INFO  [org.eclipse.persistence.metadata] (ServerService Thread Pool -- 72) The target entity (reference) class for the one to many mapping element [field matches] is being defaulted to: class db.entity.Match.
2019-12-26 12:50:51,687 INFO  [org.eclipse.persistence.metadata] (ServerService Thread Pool -- 72) The alias name for the entity class [class db.entity.Player] is being defaulted to: Player.
2019-12-26 12:50:51,711 INFO  [org.eclipse.persistence.metadata] (ServerService Thread Pool -- 72) The alias name for the entity class [class db.entity.Team] is being defaulted to: Team.
2019-12-26 12:50:51,712 INFO  [org.eclipse.persistence.metadata] (ServerService Thread Pool -- 72) The alias name for the entity class [class db.entity.Match] is being defaulted to: Match.
2019-12-26 12:50:51,715 INFO  [org.eclipse.persistence.metadata] (ServerService Thread Pool -- 72) The alias name for the entity class [class db.entity.BettingPick] is being defaulted to: BettingPick.
2019-12-26 12:50:51,716 INFO  [org.eclipse.persistence.metadata] (ServerService Thread Pool -- 72) The alias name for the entity class [class db.entity.Tournament] is being defaulted to: Tournament.
2019-12-26 12:50:51,736 INFO  [org.eclipse.persistence.metadata] (ServerService Thread Pool -- 72) The primary key column name for the mapping element [field team] is being defaulted to: team_id.
2019-12-26 12:50:51,737 INFO  [org.eclipse.persistence.metadata] (ServerService Thread Pool -- 72) The primary key column name for the mapping element [field tournament] is being defaulted to: tournament_id.
2019-12-26 12:50:51,737 INFO  [org.eclipse.persistence.metadata] (ServerService Thread Pool -- 72) The primary key column name for the mapping element [field match] is being defaulted to: match_id.
2019-12-26 12:50:51,737 INFO  [org.eclipse.persistence.metadata] (ServerService Thread Pool -- 72) The primary key column name for the mapping element [field player] is being defaulted to: player_id.
2019-12-26 12:50:51,971 INFO  [org.jboss.weld.deployer] (MSC service thread 1-8) WFLYWELD0003: Processing weld deployment betting-app.ear
2019-12-26 12:50:52,036 INFO  [org.jboss.as.clustering.infinispan] (ServerService Thread Pool -- 73) WFLYCLINF0002: Started client-mappings cache from ejb container
2019-12-26 12:50:52,185 INFO  [org.hibernate.validator.internal.util.Version] (MSC service thread 1-8) HV000001: Hibernate Validator 6.0.13.Final
2019-12-26 12:50:52,426 INFO  [org.jboss.weld.deployer] (MSC service thread 1-5) WFLYWELD0003: Processing weld deployment betting-core-impl.jar
2019-12-26 12:50:52,444 INFO  [org.jboss.weld.deployer] (MSC service thread 1-2) WFLYWELD0003: Processing weld deployment betting-web.war
2019-12-26 12:50:52,466 INFO  [org.jboss.weld.deployer] (MSC service thread 1-3) WFLYWELD0003: Processing weld deployment db-services.jar
2019-12-26 12:50:52,475 INFO  [org.jboss.as.ejb3.deployment] (MSC service thread 1-3) WFLYEJB0473: JNDI bindings for session bean named 'PSQLConnectorService' in deployment unit 'subdeployment "db-services.jar" of deployment "betting-app.ear"' are as follows:

	java:global/betting-app/db-services/PSQLConnectorService!db.connection.PSQLConnectorService
	java:app/db-services/PSQLConnectorService!db.connection.PSQLConnectorService
	java:module/PSQLConnectorService!db.connection.PSQLConnectorService
	ejb:betting-app/db-services/PSQLConnectorService!db.connection.PSQLConnectorService
	java:global/betting-app/db-services/PSQLConnectorService
	java:app/db-services/PSQLConnectorService
	java:module/PSQLConnectorService

2019-12-26 12:50:52,565 INFO  [org.jboss.weld.Version] (MSC service thread 1-2) WELD-000900: 3.0.5 (Final)
2019-12-26 12:50:54,077 WARN  [io.jaegertracing.internal.senders.SenderResolver] (ServerService Thread Pool -- 73) No suitable sender found. Using NoopSender, meaning that data will not be sent anywhere!
2019-12-26 12:50:54,137 INFO  [io.jaegertracing.Configuration] (ServerService Thread Pool -- 73) Initialized tracer=JaegerTracer(version=Java-0.30.6, serviceName=betting-app.ear!betting-web.war, reporter=RemoteReporter(sender=NoopSender(), closeEnqueueTimeout=1000), sampler=RemoteControlledSampler(maxOperations=2000, manager=HttpSamplingManager(hostPort=localhost:5778), sampler=ProbabilisticSampler(tags={sampler.type=probabilistic, sampler.param=0.001})), tags={hostname=Brucks-PC, jaeger.version=Java-0.30.6, ip=192.168.8.142}, zipkinSharedRpcSpan=false, expandExceptionLogs=false)
2019-12-26 12:50:54,165 INFO  [org.wildfly.extension.undertow] (ServerService Thread Pool -- 73) WFLYUT0021: Registered web context: '/betting-web' for server 'default-server'
2019-12-26 12:50:54,209 INFO  [org.jboss.as.server] (ServerService Thread Pool -- 42) WFLYSRV0010: Deployed "db-services.jar" (runtime-name : "db-services.jar")
2019-12-26 12:50:54,209 INFO  [org.jboss.as.server] (ServerService Thread Pool -- 42) WFLYSRV0010: Deployed "betting-app.ear" (runtime-name : "betting-app.ear")
2019-12-26 12:50:54,347 INFO  [org.jboss.as.server] (Controller Boot Thread) WFLYSRV0212: Resuming server
2019-12-26 12:50:54,355 INFO  [org.jboss.as] (Controller Boot Thread) WFLYSRV0060: Http management interface listening on http://127.0.0.1:9990/management
2019-12-26 12:50:54,355 INFO  [org.jboss.as] (Controller Boot Thread) WFLYSRV0051: Admin console listening on http://127.0.0.1:9990
2019-12-26 12:50:54,356 INFO  [org.jboss.as] (Controller Boot Thread) WFLYSRV0025: WildFly Full 14.0.1.Final (WildFly Core 6.0.2.Final) started in 10984ms - Started 588 of 775 services (338 services are lazy, passive or on-demand)
2019-12-26 13:57:14,983 INFO  [org.wildfly.extension.undertow] (ServerService Thread Pool -- 77) WFLYUT0022: Unregistered web context: '/betting-web' from server 'default-server'
2019-12-26 13:57:15,270 INFO  [org.jboss.as.jpa] (ServerService Thread Pool -- 76) WFLYJPA0004: Stopping Persistence Unit Service 'betting-app.ear/db-services.jar#db-services'
2019-12-26 13:57:15,302 INFO  [org.jboss.as.server.deployment] (MSC service thread 1-2) WFLYSRV0208: Stopped subdeployment (runtime-name: db-services.jar) in 393ms
2019-12-26 13:57:15,302 INFO  [org.jboss.as.server.deployment] (MSC service thread 1-5) WFLYSRV0208: Stopped subdeployment (runtime-name: betting-web.war) in 393ms
2019-12-26 13:57:15,302 INFO  [org.jboss.as.server.deployment] (MSC service thread 1-7) WFLYSRV0208: Stopped subdeployment (runtime-name: betting-core-impl.jar) in 393ms
2019-12-26 13:57:15,311 INFO  [org.jboss.as.server.deployment] (MSC service thread 1-7) WFLYSRV0028: Stopped deployment betting-app.ear (runtime-name: betting-app.ear) in 403ms
2019-12-26 13:57:15,318 INFO  [org.jboss.as.server.deployment] (MSC service thread 1-4) WFLYSRV0027: Starting deployment of "betting-app.ear" (runtime-name: "betting-app.ear")
2019-12-26 13:57:15,350 INFO  [org.jboss.as.server.deployment] (MSC service thread 1-3) WFLYSRV0207: Starting subdeployment (runtime-name: "betting-web.war")
2019-12-26 13:57:15,350 INFO  [org.jboss.as.server.deployment] (MSC service thread 1-1) WFLYSRV0207: Starting subdeployment (runtime-name: "db-services.jar")
2019-12-26 13:57:15,351 INFO  [org.jboss.as.server.deployment] (MSC service thread 1-4) WFLYSRV0207: Starting subdeployment (runtime-name: "betting-core-impl.jar")
2019-12-26 13:57:15,419 INFO  [org.jboss.as.jpa] (MSC service thread 1-5) WFLYJPA0002: Read persistence.xml for db-services
2019-12-26 13:57:15,528 INFO  [org.jboss.as.jpa] (ServerService Thread Pool -- 76) WFLYJPA0003: Starting Persistence Unit Service 'betting-app.ear/db-services.jar#db-services'
2019-12-26 13:57:15,570 INFO  [org.eclipse.persistence.metadata] (ServerService Thread Pool -- 76) The access type for the persistent class [class db.entity.Player] is set to [FIELD].
2019-12-26 13:57:15,577 INFO  [org.eclipse.persistence.metadata] (ServerService Thread Pool -- 76) The target entity (reference) class for the one to many mapping element [field bettingPicks] is being defaulted to: class db.entity.BettingPick.
2019-12-26 13:57:15,582 INFO  [org.eclipse.persistence.metadata] (ServerService Thread Pool -- 76) The access type for the persistent class [class db.entity.Team] is set to [FIELD].
2019-12-26 13:57:15,582 INFO  [org.eclipse.persistence.metadata] (ServerService Thread Pool -- 76) The target entity (reference) class for the one to many mapping element [field matches] is being defaulted to: class db.entity.Match.
2019-12-26 13:57:15,582 INFO  [org.eclipse.persistence.metadata] (ServerService Thread Pool -- 76) The access type for the persistent class [class db.entity.Match] is set to [FIELD].
2019-12-26 13:57:15,584 INFO  [org.eclipse.persistence.metadata] (ServerService Thread Pool -- 76) The target entity (reference) class for the one to many mapping element [field bettingPicks] is being defaulted to: class db.entity.BettingPick.
2019-12-26 13:57:15,585 INFO  [org.eclipse.persistence.metadata] (ServerService Thread Pool -- 76) The target entity (reference) class for the many to one mapping element [field team] is being defaulted to: class db.entity.Team.
2019-12-26 13:57:15,585 INFO  [org.eclipse.persistence.metadata] (ServerService Thread Pool -- 76) The target entity (reference) class for the many to one mapping element [field tournament] is being defaulted to: class db.entity.Tournament.
2019-12-26 13:57:15,585 INFO  [org.eclipse.persistence.metadata] (ServerService Thread Pool -- 76) The access type for the persistent class [class db.entity.BettingPick] is set to [FIELD].
2019-12-26 13:57:15,586 INFO  [org.eclipse.persistence.metadata] (ServerService Thread Pool -- 76) The target entity (reference) class for the many to one mapping element [field match] is being defaulted to: class db.entity.Match.
2019-12-26 13:57:15,586 INFO  [org.eclipse.persistence.metadata] (ServerService Thread Pool -- 76) The target entity (reference) class for the many to one mapping element [field player] is being defaulted to: class db.entity.Player.
2019-12-26 13:57:15,586 INFO  [org.eclipse.persistence.metadata] (ServerService Thread Pool -- 76) The access type for the persistent class [class db.entity.Tournament] is set to [FIELD].
2019-12-26 13:57:15,587 INFO  [org.eclipse.persistence.metadata] (ServerService Thread Pool -- 76) The target entity (reference) class for the one to many mapping element [field matches] is being defaulted to: class db.entity.Match.
2019-12-26 13:57:15,588 INFO  [org.eclipse.persistence.metadata] (ServerService Thread Pool -- 76) The alias name for the entity class [class db.entity.Player] is being defaulted to: Player.
2019-12-26 13:57:15,591 INFO  [org.eclipse.persistence.metadata] (ServerService Thread Pool -- 76) The alias name for the entity class [class db.entity.Team] is being defaulted to: Team.
2019-12-26 13:57:15,591 INFO  [org.eclipse.persistence.metadata] (ServerService Thread Pool -- 76) The alias name for the entity class [class db.entity.Match] is being defaulted to: Match.
2019-12-26 13:57:15,592 INFO  [org.eclipse.persistence.metadata] (ServerService Thread Pool -- 76) The alias name for the entity class [class db.entity.BettingPick] is being defaulted to: BettingPick.
2019-12-26 13:57:15,593 INFO  [org.eclipse.persistence.metadata] (ServerService Thread Pool -- 76) The alias name for the entity class [class db.entity.Tournament] is being defaulted to: Tournament.
2019-12-26 13:57:15,598 INFO  [org.eclipse.persistence.metadata] (ServerService Thread Pool -- 76) The primary key column name for the mapping element [field team] is being defaulted to: team_id.
2019-12-26 13:57:15,599 INFO  [org.eclipse.persistence.metadata] (ServerService Thread Pool -- 76) The primary key column name for the mapping element [field tournament] is being defaulted to: tournament_id.
2019-12-26 13:57:15,599 INFO  [org.eclipse.persistence.metadata] (ServerService Thread Pool -- 76) The primary key column name for the mapping element [field match] is being defaulted to: match_id.
2019-12-26 13:57:15,600 INFO  [org.eclipse.persistence.metadata] (ServerService Thread Pool -- 76) The primary key column name for the mapping element [field player] is being defaulted to: player_id.
2019-12-26 13:57:15,615 INFO  [org.jboss.weld.deployer] (MSC service thread 1-8) WFLYWELD0003: Processing weld deployment betting-app.ear
2019-12-26 13:57:15,730 INFO  [org.jboss.weld.deployer] (MSC service thread 1-8) WFLYWELD0003: Processing weld deployment betting-web.war
2019-12-26 13:57:15,734 INFO  [org.jboss.weld.deployer] (MSC service thread 1-2) WFLYWELD0003: Processing weld deployment betting-core-impl.jar
2019-12-26 13:57:15,773 INFO  [org.jboss.weld.deployer] (MSC service thread 1-5) WFLYWELD0003: Processing weld deployment db-services.jar
2019-12-26 13:57:15,779 INFO  [org.jboss.as.ejb3.deployment] (MSC service thread 1-5) WFLYEJB0473: JNDI bindings for session bean named 'PSQLConnectorService' in deployment unit 'subdeployment "db-services.jar" of deployment "betting-app.ear"' are as follows:

	java:global/betting-app/db-services/PSQLConnectorService!db.connection.PSQLConnectorService
	java:app/db-services/PSQLConnectorService!db.connection.PSQLConnectorService
	java:module/PSQLConnectorService!db.connection.PSQLConnectorService
	ejb:betting-app/db-services/PSQLConnectorService!db.connection.PSQLConnectorService
	java:global/betting-app/db-services/PSQLConnectorService
	java:app/db-services/PSQLConnectorService
	java:module/PSQLConnectorService

2019-12-26 13:57:16,188 WARN  [io.jaegertracing.internal.senders.SenderResolver] (ServerService Thread Pool -- 76) No suitable sender found. Using NoopSender, meaning that data will not be sent anywhere!
2019-12-26 13:57:16,198 INFO  [io.jaegertracing.Configuration] (ServerService Thread Pool -- 76) Initialized tracer=JaegerTracer(version=Java-0.30.6, serviceName=betting-app.ear!betting-web.war, reporter=RemoteReporter(sender=NoopSender(), closeEnqueueTimeout=1000), sampler=RemoteControlledSampler(maxOperations=2000, manager=HttpSamplingManager(hostPort=localhost:5778), sampler=ProbabilisticSampler(tags={sampler.type=probabilistic, sampler.param=0.001})), tags={hostname=Brucks-PC, jaeger.version=Java-0.30.6, ip=192.168.8.142}, zipkinSharedRpcSpan=false, expandExceptionLogs=false)
2019-12-26 13:57:16,200 INFO  [org.wildfly.extension.undertow] (ServerService Thread Pool -- 76) WFLYUT0021: Registered web context: '/betting-web' for server 'default-server'
2019-12-26 13:57:16,350 INFO  [org.jboss.as.server] (DeploymentScanner-threads - 2) WFLYSRV0016: Replaced deployment "betting-app.ear" with deployment "betting-app.ear"
2019-12-26 13:57:18,402 INFO  [org.jboss.as.protocol] (management I/O-1) WFLYPRT0057:  cancelled task by interrupting thread Thread[management-handler-thread - 4,5,management-handler-thread]
2019-12-26 13:57:18,611 INFO  [org.jboss.modules] (main) JBoss Modules version 1.8.6.Final
2019-12-26 13:57:19,451 INFO  [org.jboss.msc] (main) JBoss MSC version 1.4.3.Final
2019-12-26 13:57:19,469 INFO  [org.jboss.threads] (main) JBoss Threads version 2.3.2.Final
2019-12-26 13:57:19,728 INFO  [org.jboss.as] (MSC service thread 1-2) WFLYSRV0049: WildFly Full 14.0.1.Final (WildFly Core 6.0.2.Final) starting
2019-12-26 13:57:19,730 DEBUG [org.jboss.as.config] (MSC service thread 1-2) Configured system properties:
	awt.toolkit = sun.awt.windows.WToolkit
	file.encoding = Cp1252
	file.encoding.pkg = sun.io
	file.separator = \
	java.awt.graphicsenv = sun.awt.Win32GraphicsEnvironment
	java.awt.headless = true
	java.awt.printerjob = sun.awt.windows.WPrinterJob
	java.class.path = C:\Users\Brucks\wildfly-14.0.1.Final\jboss-modules.jar
	java.class.version = 52.0
	java.endorsed.dirs = C:\Program Files\Java\jdk1.8.0_231\jre\lib\endorsed
	java.ext.dirs = C:\Program Files\Java\jdk1.8.0_231\jre\lib\ext;C:\Windows\Sun\Java\lib\ext
	java.home = C:\Program Files\Java\jdk1.8.0_231\jre
	java.io.tmpdir = C:\Users\Brucks\AppData\Local\Temp\
	java.library.path = C:\Program Files\Java\jdk1.8.0_231\bin;C:\Windows\Sun\Java\bin;C:\Windows\system32;C:\Windows;C:\Program Files\Java\jdk1.8.0_231\jre\bin;native;C:/Program Files/Java/jre1.8.0_231/bin/server;C:/Program Files/Java/jre1.8.0_231/bin;C:/Program Files/Java/jre1.8.0_231/lib/amd64;C:\Program Files (x86)\Common Files\Oracle\Java\javapath;C:\Windows\system32;C:\Windows;C:\Windows\System32\Wbem;C:\Windows\System32\WindowsPowerShell\v1.0\;C:\Program Files (x86)\Intel\OpenCL SDK\2.0\bin\x86;C:\Program Files (x86)\Intel\OpenCL SDK\2.0\bin\x64;C:\Program Files\PostgreSQL\10\bin;C:\Program Files\apache-maven-3.6.3\bin;C:\Program Files\Git\cmd;C:\Program Files\eclipse;;.
	java.net.preferIPv4Stack = true
	java.runtime.name = Java(TM) SE Runtime Environment
	java.runtime.version = 1.8.0_231-b11
	java.specification.name = Java Platform API Specification
	java.specification.vendor = Oracle Corporation
	java.specification.version = 1.8
	java.util.logging.manager = org.jboss.logmanager.LogManager
	java.vendor = Oracle Corporation
	java.vendor.url = http://java.oracle.com/
	java.vendor.url.bug = http://bugreport.sun.com/bugreport/
	java.version = 1.8.0_231
	java.vm.info = mixed mode
	java.vm.name = Java HotSpot(TM) 64-Bit Server VM
	java.vm.specification.name = Java Virtual Machine Specification
	java.vm.specification.vendor = Oracle Corporation
	java.vm.specification.version = 1.8
	java.vm.vendor = Oracle Corporation
	java.vm.version = 25.231-b11
	javax.management.builder.initial = org.jboss.as.jmx.PluggableMBeanServerBuilder
	jboss.bind.address = localhost
	jboss.bind.address.management = localhost
	jboss.home.dir = C:\Users\Brucks\wildfly-14.0.1.Final
	jboss.host.name = brucks-pc
	jboss.modules.dir = C:\Users\Brucks\wildfly-14.0.1.Final\modules
	jboss.modules.system.pkgs = org.jboss.byteman
	jboss.node.name = brucks-pc
	jboss.qualified.host.name = brucks-pc
	jboss.server.base.dir = C:\development\fussball\betting-dpl-package\src\main\resources
	jboss.server.config.dir = C:\development\fussball\betting-dpl-package\src\main\resources\configuration
	jboss.server.data.dir = C:\development\fussball\betting-dpl-package\src\main\resources\data
	jboss.server.deploy.dir = C:\development\fussball\betting-dpl-package\src\main\resources\data\content
	jboss.server.log.dir = C:\development\fussball\betting-dpl-package\src\main\resources\log
	jboss.server.name = brucks-pc
	jboss.server.persist.config = true
	jboss.server.temp.dir = C:\development\fussball\betting-dpl-package\src\main\resources\tmp
	line.separator = 

	logging.configuration = file:C:\development\fussball\betting-dpl-package\src\main\resources\configuration\logging.properties
	module.path = C:\Users\Brucks\wildfly-14.0.1.Final\modules
	org.jboss.boot.log.file = C:\development\fussball\betting-dpl-package\src\main\resources\log\boot.log
	org.jboss.logmanager.nocolor = true
	org.jboss.resolver.warning = true
	os.arch = amd64
	os.name = Windows 7
	os.version = 6.1
	path.separator = ;
	program.name = JBossTools: WildFly 14.0 Runtime 1 Server
	sun.arch.data.model = 64
	sun.boot.class.path = C:\Program Files\Java\jdk1.8.0_231\jre\lib\resources.jar;C:\Program Files\Java\jdk1.8.0_231\jre\lib\rt.jar;C:\Program Files\Java\jdk1.8.0_231\jre\lib\sunrsasign.jar;C:\Program Files\Java\jdk1.8.0_231\jre\lib\jsse.jar;C:\Program Files\Java\jdk1.8.0_231\jre\lib\jce.jar;C:\Program Files\Java\jdk1.8.0_231\jre\lib\charsets.jar;C:\Program Files\Java\jdk1.8.0_231\jre\lib\jfr.jar;C:\Program Files\Java\jdk1.8.0_231\jre\classes
	sun.boot.library.path = C:\Program Files\Java\jdk1.8.0_231\jre\bin
	sun.cpu.endian = little
	sun.cpu.isalist = amd64
	sun.desktop = windows
	sun.io.unicode.encoding = UnicodeLittle
	sun.java.command = org.jboss.modules.Main -mp C:\Users\Brucks\wildfly-14.0.1.Final\modules org.jboss.as.standalone -b localhost --server-config=standalone.xml -Djboss.server.base.dir=C:\development\fussball\betting-dpl-package\src\main\resources
	sun.java.launcher = SUN_STANDARD
	sun.jnu.encoding = Cp1252
	sun.management.compiler = HotSpot 64-Bit Tiered Compilers
	sun.os.patch.level = Service Pack 1
	sun.rmi.dgc.client.gcInterval = 3600000
	sun.rmi.dgc.server.gcInterval = 3600000
	user.country = DE
	user.dir = C:\Users\Brucks\wildfly-14.0.1.Final\bin
	user.home = C:\Users\Brucks
	user.language = de
	user.name = Brucks
	user.script = 
	user.timezone = Europe/Berlin
	user.variant = 
2019-12-26 13:57:19,731 DEBUG [org.jboss.as.config] (MSC service thread 1-2) VM Arguments: -agentlib:jdwp=transport=dt_socket,suspend=y,address=localhost:64643 -Dprogram.name=JBossTools: WildFly 14.0 Runtime 1 Server -Xms64m -Xmx512m -Dorg.jboss.resolver.warning=true -Djava.net.preferIPv4Stack=true -Dsun.rmi.dgc.client.gcInterval=3600000 -Dsun.rmi.dgc.server.gcInterval=3600000 -Djboss.modules.system.pkgs=org.jboss.byteman -Djava.awt.headless=true -Dorg.jboss.boot.log.file=C:\development\fussball\betting-dpl-package\src\main\resources\log\boot.log -Dlogging.configuration=file:C:\development\fussball\betting-dpl-package\src\main\resources\configuration\logging.properties -Djboss.home.dir=C:\Users\Brucks\wildfly-14.0.1.Final -Dorg.jboss.logmanager.nocolor=true -Djboss.bind.address.management=localhost -Dfile.encoding=Cp1252 
2019-12-26 13:57:21,555 INFO  [org.wildfly.security] (ServerService Thread Pool -- 27) ELY00001: WildFly Elytron version 1.6.0.Final
2019-12-26 13:57:22,793 INFO  [org.jboss.as.controller.management-deprecated] (Controller Boot Thread) WFLYCTL0028: Attribute 'security-realm' in the resource at address '/core-service=management/management-interface=http-interface' is deprecated, and may be removed in a future version. See the attribute description in the output of the read-resource-description operation to learn more about the deprecation.
2019-12-26 13:57:22,881 INFO  [org.jboss.as.controller.management-deprecated] (ServerService Thread Pool -- 23) WFLYCTL0028: Attribute 'security-realm' in the resource at address '/subsystem=undertow/server=default-server/https-listener=https' is deprecated, and may be removed in a future version. See the attribute description in the output of the read-resource-description operation to learn more about the deprecation.
2019-12-26 13:57:22,996 INFO  [org.jboss.as.server.deployment.scanner] (DeploymentScanner-threads - 1) WFLYDS0004: Found betting-app.ear in deployment directory. To trigger deployment create a file called betting-app.ear.dodeploy
2019-12-26 13:57:22,998 INFO  [org.jboss.as.server.deployment.scanner] (DeploymentScanner-threads - 1) WFLYDS0004: Found db-services.jar in deployment directory. To trigger deployment create a file called db-services.jar.dodeploy
2019-12-26 13:57:23,060 INFO  [org.jboss.as.server] (Controller Boot Thread) WFLYSRV0039: Creating http management service using socket-binding (management-http)
2019-12-26 13:57:23,233 INFO  [org.xnio] (MSC service thread 1-5) XNIO version 3.6.5.Final
2019-12-26 13:57:23,324 INFO  [org.jboss.as.clustering.infinispan] (ServerService Thread Pool -- 48) WFLYCLINF0001: Activating Infinispan subsystem.
2019-12-26 13:57:23,327 INFO  [org.xnio.nio] (MSC service thread 1-5) XNIO NIO Implementation Version 3.6.5.Final
2019-12-26 13:57:23,389 INFO  [org.jboss.as.security] (ServerService Thread Pool -- 66) WFLYSEC0002: Activating Security Subsystem
2019-12-26 13:57:23,401 INFO  [org.jboss.as.webservices] (ServerService Thread Pool -- 70) WFLYWS0002: Activating WebServices Extension
2019-12-26 13:57:23,455 INFO  [org.jboss.as.naming] (ServerService Thread Pool -- 60) WFLYNAM0001: Activating Naming Subsystem
2019-12-26 13:57:23,366 INFO  [org.jboss.as.jaxrs] (ServerService Thread Pool -- 50) WFLYRS0016: RESTEasy version 3.6.1.Final
2019-12-26 13:57:23,386 WARN  [org.jboss.as.txn] (ServerService Thread Pool -- 68) WFLYTX0013: The node-identifier attribute on the /subsystem=transactions is set to the default value. This is a danger for environments running multiple servers. Please make sure the attribute value is unique.
2019-12-26 13:57:23,989 INFO  [org.jboss.as.security] (MSC service thread 1-6) WFLYSEC0001: Current PicketBox version=5.0.3.Final
2019-12-26 13:57:24,014 INFO  [org.wildfly.extension.microprofile.opentracing] (ServerService Thread Pool -- 59) WFLYTRACEXT0001: Activating MicroProfile OpenTracing Subsystem
2019-12-26 13:57:24,061 INFO  [org.wildfly.extension.microprofile.health.smallrye] (ServerService Thread Pool -- 58) WFLYHEALTH0001: Activating Eclipse MicroProfile Health Subsystem
2019-12-26 13:57:24,065 INFO  [org.jboss.as.jsf] (ServerService Thread Pool -- 55) WFLYJSF0007: Activated the following JSF Implementations: [main]
2019-12-26 13:57:24,070 INFO  [org.wildfly.extension.microprofile.config.smallrye._private] (ServerService Thread Pool -- 57) WFLYCONF0001: Activating WildFly MicroProfile Config Subsystem
2019-12-26 13:57:24,111 INFO  [org.jboss.as.connector] (MSC service thread 1-2) WFLYJCA0009: Starting JCA Subsystem (WildFly/IronJacamar 1.4.11.Final)
2019-12-26 13:57:24,215 INFO  [org.jboss.as.mail.extension] (MSC service thread 1-8) WFLYMAIL0002: Unbound mail session [java:jboss/mail/Default]
2019-12-26 13:57:24,237 INFO  [org.wildfly.extension.undertow] (MSC service thread 1-7) WFLYUT0003: Undertow 2.0.13.Final starting
2019-12-26 13:57:24,343 INFO  [org.jboss.as.connector.subsystems.datasources] (ServerService Thread Pool -- 41) WFLYJCA0005: Deploying non-JDBC-compliant driver class org.postgresql.Driver (version 42.2)
2019-12-26 13:57:24,546 INFO  [org.jboss.as.connector.deployers.jdbc] (MSC service thread 1-8) WFLYJCA0018: Started Driver service with driver-name = postgresql
2019-12-26 13:57:24,643 INFO  [org.jboss.as.naming] (MSC service thread 1-8) WFLYNAM0003: Starting Naming Service
2019-12-26 13:57:24,654 INFO  [org.jboss.as.mail.extension] (MSC service thread 1-8) WFLYMAIL0001: Bound mail session [java:jboss/mail/Default]
2019-12-26 13:57:24,948 INFO  [org.jboss.as.connector.subsystems.datasources] (MSC service thread 1-2) WFLYJCA0099: Unbound non-transactional data source: java:jboss/postgresDS
2019-12-26 13:57:25,245 INFO  [org.wildfly.extension.undertow] (ServerService Thread Pool -- 69) WFLYUT0014: Creating file handler for path 'C:\Users\Brucks\wildfly-14.0.1.Final/welcome-content' with options [directory-listing: 'false', follow-symlink: 'false', case-sensitive: 'true', safe-symlink-paths: '[]']
2019-12-26 13:57:25,344 INFO  [org.wildfly.extension.io] (ServerService Thread Pool -- 49) WFLYIO001: Worker 'default' has auto-configured to 8 core threads with 64 task threads based on your 4 available processors
2019-12-26 13:57:25,437 INFO  [org.jboss.as.ejb3] (MSC service thread 1-8) WFLYEJB0482: Strict pool mdb-strict-max-pool is using a max instance size of 16 (per class), which is derived from the number of CPUs on this host.
2019-12-26 13:57:25,437 INFO  [org.jboss.as.ejb3] (MSC service thread 1-1) WFLYEJB0481: Strict pool slsb-strict-max-pool is using a max instance size of 64 (per class), which is derived from thread worker pool sizing.
2019-12-26 13:57:25,681 INFO  [org.wildfly.extension.undertow] (MSC service thread 1-3) WFLYUT0012: Started server default-server.
2019-12-26 13:57:25,694 WARN  [org.jboss.as.connector.subsystems.datasources.AbstractDataSourceService$AS7DataSourceDeployer] (MSC service thread 1-7) IJ020020: Connection Properties for DataSource: 'java:jboss/postgresDS' is empty, try to use driver-class: 'org.postgresql.Driver' and connection-url: 'jdbc:postgresql://localhost:5432/betting_db' to connect database
2019-12-26 13:57:25,752 INFO  [org.jboss.remoting] (MSC service thread 1-4) JBoss Remoting version 5.0.8.Final
2019-12-26 13:57:25,829 INFO  [org.wildfly.extension.undertow] (MSC service thread 1-6) WFLYUT0018: Host default-host starting
2019-12-26 13:57:25,832 INFO  [org.jboss.as.connector.subsystems.datasources] (MSC service thread 1-6) WFLYJCA0098: Bound non-transactional data source: java:jboss/postgresDS
2019-12-26 13:57:26,033 ERROR [org.jboss.msc.service.fail] (MSC service thread 1-7) MSC000001: Failed to start service org.wildfly.undertow.listener.default: org.jboss.msc.service.StartException in service org.wildfly.undertow.listener.default: Address already in use: bind localhost/127.0.0.1:8080
	at org.wildfly.extension.undertow.ListenerService.start(ListenerService.java:209)
	at org.jboss.msc.service.ServiceControllerImpl$StartTask.startService(ServiceControllerImpl.java:1736)
	at org.jboss.msc.service.ServiceControllerImpl$StartTask.execute(ServiceControllerImpl.java:1698)
	at org.jboss.msc.service.ServiceControllerImpl$ControllerTask.run(ServiceControllerImpl.java:1556)
	at org.jboss.threads.ContextClassLoaderSavingRunnable.run(ContextClassLoaderSavingRunnable.java:35)
	at org.jboss.threads.EnhancedQueueExecutor.safeRun(EnhancedQueueExecutor.java:1985)
	at org.jboss.threads.EnhancedQueueExecutor$ThreadBody.doRunTask(EnhancedQueueExecutor.java:1487)
	at org.jboss.threads.EnhancedQueueExecutor$ThreadBody.run(EnhancedQueueExecutor.java:1364)
	at java.lang.Thread.run(Thread.java:748)

2019-12-26 13:57:26,601 INFO  [org.wildfly.extension.undertow] (ServerService Thread Pool -- 76) WFLYUT0022: Unregistered web context: '/betting-web' from server 'default-server'
2019-12-26 13:57:26,859 INFO  [org.jboss.as.jpa] (ServerService Thread Pool -- 77) WFLYJPA0004: Stopping Persistence Unit Service 'betting-app.ear/db-services.jar#db-services'
2019-12-26 13:57:26,925 INFO  [org.jboss.as.server.deployment] (MSC service thread 1-2) WFLYSRV0208: Stopped subdeployment (runtime-name: db-services.jar) in 347ms
2019-12-26 13:57:26,930 INFO  [org.jboss.as.server.deployment] (MSC service thread 1-3) WFLYSRV0208: Stopped subdeployment (runtime-name: betting-web.war) in 352ms
2019-12-26 13:57:26,932 INFO  [org.jboss.as.server.deployment] (MSC service thread 1-6) WFLYSRV0208: Stopped subdeployment (runtime-name: betting-core-impl.jar) in 353ms
2019-12-26 13:57:26,939 INFO  [org.jboss.as.server.deployment] (MSC service thread 1-7) WFLYSRV0028: Stopped deployment betting-app.ear (runtime-name: betting-app.ear) in 361ms
2019-12-26 13:57:26,945 INFO  [org.jboss.as.server.deployment] (MSC service thread 1-6) WFLYSRV0027: Starting deployment of "betting-app.ear" (runtime-name: "betting-app.ear")
2019-12-26 13:57:26,972 INFO  [org.jboss.as.server.deployment] (MSC service thread 1-7) WFLYSRV0028: Stopped deployment db-services.jar (runtime-name: db-services.jar) in 27ms
2019-12-26 13:57:26,973 INFO  [org.jboss.as.server.deployment] (MSC service thread 1-1) WFLYSRV0027: Starting deployment of "db-services.jar" (runtime-name: "db-services.jar")
2019-12-26 13:57:27,029 INFO  [org.jboss.as.server.deployment] (MSC service thread 1-5) WFLYSRV0207: Starting subdeployment (runtime-name: "db-services.jar")
2019-12-26 13:57:27,029 INFO  [org.jboss.as.server.deployment] (MSC service thread 1-8) WFLYSRV0207: Starting subdeployment (runtime-name: "betting-core-impl.jar")
2019-12-26 13:57:27,029 INFO  [org.jboss.as.server.deployment] (MSC service thread 1-3) WFLYSRV0207: Starting subdeployment (runtime-name: "betting-web.war")
2019-12-26 13:57:27,072 INFO  [org.jboss.as.jpa] (MSC service thread 1-6) WFLYJPA0002: Read persistence.xml for db-services
2019-12-26 13:57:27,150 INFO  [org.jboss.as.jpa] (ServerService Thread Pool -- 77) WFLYJPA0003: Starting Persistence Unit Service 'betting-app.ear/db-services.jar#db-services'
2019-12-26 13:57:27,170 INFO  [org.eclipse.persistence.metadata] (ServerService Thread Pool -- 77) The access type for the persistent class [class db.entity.Player] is set to [FIELD].
2019-12-26 13:57:27,173 INFO  [org.eclipse.persistence.metadata] (ServerService Thread Pool -- 77) The target entity (reference) class for the one to many mapping element [field bettingPicks] is being defaulted to: class db.entity.BettingPick.
2019-12-26 13:57:27,174 INFO  [org.eclipse.persistence.metadata] (ServerService Thread Pool -- 77) The access type for the persistent class [class db.entity.Team] is set to [FIELD].
2019-12-26 13:57:27,175 INFO  [org.eclipse.persistence.metadata] (ServerService Thread Pool -- 77) The target entity (reference) class for the one to many mapping element [field matches] is being defaulted to: class db.entity.Match.
2019-12-26 13:57:27,175 INFO  [org.eclipse.persistence.metadata] (ServerService Thread Pool -- 77) The access type for the persistent class [class db.entity.Match] is set to [FIELD].
2019-12-26 13:57:27,178 INFO  [org.eclipse.persistence.metadata] (ServerService Thread Pool -- 77) The target entity (reference) class for the one to many mapping element [field bettingPicks] is being defaulted to: class db.entity.BettingPick.
2019-12-26 13:57:27,179 INFO  [org.eclipse.persistence.metadata] (ServerService Thread Pool -- 77) The target entity (reference) class for the many to one mapping element [field team] is being defaulted to: class db.entity.Team.
2019-12-26 13:57:27,179 INFO  [org.eclipse.persistence.metadata] (ServerService Thread Pool -- 77) The target entity (reference) class for the many to one mapping element [field tournament] is being defaulted to: class db.entity.Tournament.
2019-12-26 13:57:27,180 INFO  [org.eclipse.persistence.metadata] (ServerService Thread Pool -- 77) The access type for the persistent class [class db.entity.BettingPick] is set to [FIELD].
2019-12-26 13:57:27,180 INFO  [org.eclipse.persistence.metadata] (ServerService Thread Pool -- 77) The target entity (reference) class for the many to one mapping element [field match] is being defaulted to: class db.entity.Match.
2019-12-26 13:57:27,181 INFO  [org.eclipse.persistence.metadata] (ServerService Thread Pool -- 77) The target entity (reference) class for the many to one mapping element [field player] is being defaulted to: class db.entity.Player.
2019-12-26 13:57:27,181 INFO  [org.eclipse.persistence.metadata] (ServerService Thread Pool -- 77) The access type for the persistent class [class db.entity.Tournament] is set to [FIELD].
2019-12-26 13:57:27,182 INFO  [org.eclipse.persistence.metadata] (ServerService Thread Pool -- 77) The target entity (reference) class for the one to many mapping element [field matches] is being defaulted to: class db.entity.Match.
2019-12-26 13:57:27,183 INFO  [org.eclipse.persistence.metadata] (ServerService Thread Pool -- 77) The alias name for the entity class [class db.entity.Player] is being defaulted to: Player.
2019-12-26 13:57:27,183 INFO  [org.eclipse.persistence.metadata] (ServerService Thread Pool -- 77) The alias name for the entity class [class db.entity.Team] is being defaulted to: Team.
2019-12-26 13:57:27,184 INFO  [org.eclipse.persistence.metadata] (ServerService Thread Pool -- 77) The alias name for the entity class [class db.entity.Match] is being defaulted to: Match.
2019-12-26 13:57:27,186 INFO  [org.eclipse.persistence.metadata] (ServerService Thread Pool -- 77) The alias name for the entity class [class db.entity.BettingPick] is being defaulted to: BettingPick.
2019-12-26 13:57:27,187 INFO  [org.eclipse.persistence.metadata] (ServerService Thread Pool -- 77) The alias name for the entity class [class db.entity.Tournament] is being defaulted to: Tournament.
2019-12-26 13:57:27,188 INFO  [org.eclipse.persistence.metadata] (ServerService Thread Pool -- 77) The primary key column name for the mapping element [field team] is being defaulted to: team_id.
2019-12-26 13:57:27,188 INFO  [org.eclipse.persistence.metadata] (ServerService Thread Pool -- 77) The primary key column name for the mapping element [field tournament] is being defaulted to: tournament_id.
2019-12-26 13:57:27,189 INFO  [org.eclipse.persistence.metadata] (ServerService Thread Pool -- 77) The primary key column name for the mapping element [field match] is being defaulted to: match_id.
2019-12-26 13:57:27,190 INFO  [org.eclipse.persistence.metadata] (ServerService Thread Pool -- 77) The primary key column name for the mapping element [field player] is being defaulted to: player_id.
2019-12-26 13:57:27,194 INFO  [org.jboss.weld.deployer] (MSC service thread 1-4) WFLYWELD0003: Processing weld deployment betting-app.ear
2019-12-26 13:57:27,257 INFO  [org.jboss.weld.deployer] (MSC service thread 1-8) WFLYWELD0003: Processing weld deployment betting-web.war
2019-12-26 13:57:27,260 INFO  [org.jboss.weld.deployer] (MSC service thread 1-1) WFLYWELD0003: Processing weld deployment db-services.jar
2019-12-26 13:57:27,262 INFO  [org.jboss.weld.deployer] (MSC service thread 1-7) WFLYWELD0003: Processing weld deployment betting-core-impl.jar
2019-12-26 13:57:27,274 INFO  [org.jboss.as.ejb3.deployment] (MSC service thread 1-1) WFLYEJB0473: JNDI bindings for session bean named 'PSQLConnectorService' in deployment unit 'subdeployment "db-services.jar" of deployment "betting-app.ear"' are as follows:

	java:global/betting-app/db-services/PSQLConnectorService!db.connection.PSQLConnectorService
	java:app/db-services/PSQLConnectorService!db.connection.PSQLConnectorService
	java:module/PSQLConnectorService!db.connection.PSQLConnectorService
	ejb:betting-app/db-services/PSQLConnectorService!db.connection.PSQLConnectorService
	java:global/betting-app/db-services/PSQLConnectorService
	java:app/db-services/PSQLConnectorService
	java:module/PSQLConnectorService

2019-12-26 13:57:28,238 INFO  [org.jboss.as.server.deployment] (MSC service thread 1-2) WFLYSRV0027: Starting deployment of "db-services.jar" (runtime-name: "db-services.jar")
2019-12-26 13:57:28,269 INFO  [org.jboss.as.server.deployment.scanner] (MSC service thread 1-8) WFLYDS0013: Started FileSystemDeploymentService for directory C:\development\fussball\betting-dpl-package\src\main\resources\deployments
2019-12-26 13:57:28,293 INFO  [org.jboss.as.patching] (MSC service thread 1-4) WFLYPAT0050: WildFly Full cumulative patch ID is: base, one-off patches include: none
2019-12-26 13:57:28,408 INFO  [org.jboss.as.server.deployment] (MSC service thread 1-6) WFLYSRV0027: Starting deployment of "betting-app.ear" (runtime-name: "betting-app.ear")
2019-12-26 13:57:28,416 WARN  [org.jboss.as.domain.management.security] (MSC service thread 1-3) WFLYDM0111: Keystore C:\development\fussball\betting-dpl-package\src\main\resources\configuration\application.keystore not found, it will be auto generated on first use with a self signed certificate for host localhost
2019-12-26 13:57:28,567 INFO  [org.jboss.as.server.deployment] (MSC service thread 1-1) WFLYSRV0207: Starting subdeployment (runtime-name: "betting-core-impl.jar")
2019-12-26 13:57:28,569 INFO  [org.jboss.as.server.deployment] (MSC service thread 1-6) WFLYSRV0207: Starting subdeployment (runtime-name: "betting-web.war")
2019-12-26 13:57:28,570 INFO  [org.jboss.as.server.deployment] (MSC service thread 1-6) WFLYSRV0207: Starting subdeployment (runtime-name: "db-services.jar")
2019-12-26 13:57:28,743 INFO  [org.jboss.as.ejb3] (MSC service thread 1-1) WFLYEJB0493: EJB subsystem suspension complete
2019-12-26 13:57:28,947 WARN  [io.jaegertracing.internal.senders.SenderResolver] (ServerService Thread Pool -- 77) No suitable sender found. Using NoopSender, meaning that data will not be sent anywhere!
2019-12-26 13:57:28,965 INFO  [io.jaegertracing.Configuration] (ServerService Thread Pool -- 77) Initialized tracer=JaegerTracer(version=Java-0.30.6, serviceName=betting-app.ear!betting-web.war, reporter=RemoteReporter(sender=NoopSender(), closeEnqueueTimeout=1000), sampler=RemoteControlledSampler(maxOperations=2000, manager=HttpSamplingManager(hostPort=localhost:5778), sampler=ProbabilisticSampler(tags={sampler.type=probabilistic, sampler.param=0.001})), tags={hostname=Brucks-PC, jaeger.version=Java-0.30.6, ip=192.168.8.142}, zipkinSharedRpcSpan=false, expandExceptionLogs=false)
2019-12-26 13:57:28,969 INFO  [org.wildfly.extension.undertow] (ServerService Thread Pool -- 77) WFLYUT0021: Registered web context: '/betting-web' for server 'default-server'
2019-12-26 13:57:29,002 ERROR [org.jboss.msc.service.fail] (MSC service thread 1-5) MSC000001: Failed to start service org.wildfly.management.http.extensible: org.jboss.msc.service.StartException in service org.wildfly.management.http.extensible: java.net.BindException: Address already in use: bind localhost/127.0.0.1:9990
	at org.jboss.as.server.mgmt.UndertowHttpManagementService.start(UndertowHttpManagementService.java:349)
	at org.jboss.msc.service.ServiceControllerImpl$StartTask.startService(ServiceControllerImpl.java:1736)
	at org.jboss.msc.service.ServiceControllerImpl$StartTask.execute(ServiceControllerImpl.java:1698)
	at org.jboss.msc.service.ServiceControllerImpl$ControllerTask.run(ServiceControllerImpl.java:1556)
	at org.jboss.threads.ContextClassLoaderSavingRunnable.run(ContextClassLoaderSavingRunnable.java:35)
	at org.jboss.threads.EnhancedQueueExecutor.safeRun(EnhancedQueueExecutor.java:1985)
	at org.jboss.threads.EnhancedQueueExecutor$ThreadBody.doRunTask(EnhancedQueueExecutor.java:1487)
	at org.jboss.threads.EnhancedQueueExecutor$ThreadBody.run(EnhancedQueueExecutor.java:1378)
	at java.lang.Thread.run(Thread.java:748)

2019-12-26 13:57:29,023 INFO  [org.jboss.as.server] (DeploymentScanner-threads - 2) WFLYSRV0016: Replaced deployment "db-services.jar" with deployment "db-services.jar"
2019-12-26 13:57:29,023 INFO  [org.jboss.as.server] (DeploymentScanner-threads - 2) WFLYSRV0016: Replaced deployment "betting-app.ear" with deployment "betting-app.ear"
2019-12-26 13:57:29,150 ERROR [org.jboss.msc.service.fail] (MSC service thread 1-4) MSC000001: Failed to start service org.wildfly.undertow.listener.https: org.jboss.msc.service.StartException in service org.wildfly.undertow.listener.https: Address already in use: bind localhost/127.0.0.1:8443
	at org.wildfly.extension.undertow.ListenerService.start(ListenerService.java:209)
	at org.jboss.msc.service.ServiceControllerImpl$StartTask.startService(ServiceControllerImpl.java:1736)
	at org.jboss.msc.service.ServiceControllerImpl$StartTask.execute(ServiceControllerImpl.java:1698)
	at org.jboss.msc.service.ServiceControllerImpl$ControllerTask.run(ServiceControllerImpl.java:1556)
	at org.jboss.threads.ContextClassLoaderSavingRunnable.run(ContextClassLoaderSavingRunnable.java:35)
	at org.jboss.threads.EnhancedQueueExecutor.safeRun(EnhancedQueueExecutor.java:1985)
	at org.jboss.threads.EnhancedQueueExecutor$ThreadBody.doRunTask(EnhancedQueueExecutor.java:1487)
	at org.jboss.threads.EnhancedQueueExecutor$ThreadBody.run(EnhancedQueueExecutor.java:1378)
	at java.lang.Thread.run(Thread.java:748)

2019-12-26 13:57:29,158 ERROR [org.jboss.as.controller.management-operation] (Controller Boot Thread) WFLYCTL0013: Operation ("add") failed - address: ([
    ("core-service" => "management"),
    ("management-interface" => "http-interface")
]) - failure description: {"WFLYCTL0080: Failed services" => {"org.wildfly.management.http.extensible" => "java.net.BindException: Address already in use: bind localhost/127.0.0.1:9990"}}
2019-12-26 13:57:29,160 ERROR [org.jboss.as.controller.management-operation] (Controller Boot Thread) WFLYCTL0013: Operation ("add") failed - address: ([
    ("subsystem" => "undertow"),
    ("server" => "default-server"),
    ("http-listener" => "default")
]) - failure description: {"WFLYCTL0080: Failed services" => {"org.wildfly.undertow.listener.default" => "Address already in use: bind localhost/127.0.0.1:8080"}}
2019-12-26 13:57:29,161 ERROR [org.jboss.as.controller.management-operation] (Controller Boot Thread) WFLYCTL0013: Operation ("add") failed - address: ([
    ("subsystem" => "undertow"),
    ("server" => "default-server"),
    ("https-listener" => "https")
]) - failure description: {"WFLYCTL0080: Failed services" => {"org.wildfly.undertow.listener.https" => "Address already in use: bind localhost/127.0.0.1:8443"}}
2019-12-26 13:57:29,163 ERROR [org.jboss.as.controller.management-operation] (Controller Boot Thread) WFLYCTL0013: Operation ("add") failed - address: ([
    ("core-service" => "management"),
    ("management-interface" => "http-interface")
]) - failure description: {"WFLYCTL0080: Failed services" => {"org.wildfly.management.http.extensible" => "java.net.BindException: Address already in use: bind localhost/127.0.0.1:9990"}}
2019-12-26 13:57:29,171 INFO  [org.jboss.as.server.deployment] (MSC service thread 1-4) WFLYSRV0208: Stopped subdeployment (runtime-name: db-services.jar) in 4ms
2019-12-26 13:57:29,173 INFO  [org.jboss.as.server.deployment] (MSC service thread 1-6) WFLYSRV0208: Stopped subdeployment (runtime-name: betting-web.war) in 6ms
2019-12-26 13:57:29,174 INFO  [org.jboss.as.server.deployment] (MSC service thread 1-8) WFLYSRV0028: Stopped deployment db-services.jar (runtime-name: db-services.jar) in 6ms
2019-12-26 13:57:29,175 INFO  [org.jboss.as.server.deployment] (MSC service thread 1-5) WFLYSRV0208: Stopped subdeployment (runtime-name: betting-core-impl.jar) in 8ms
2019-12-26 13:57:29,178 INFO  [org.jboss.as.server.deployment] (MSC service thread 1-7) WFLYSRV0028: Stopped deployment betting-app.ear (runtime-name: betting-app.ear) in 11ms
2019-12-26 13:57:29,189 ERROR [org.jboss.as.server] (ServerService Thread Pool -- 42) WFLYSRV0021: Deploy of deployment "db-services.jar" was rolled back with the following failure message: undefined
2019-12-26 13:57:29,189 ERROR [org.jboss.as.server] (ServerService Thread Pool -- 42) WFLYSRV0021: Deploy of deployment "betting-app.ear" was rolled back with the following failure message: undefined
2019-12-26 13:57:29,217 INFO  [org.jboss.as.mail.extension] (MSC service thread 1-6) WFLYMAIL0002: Unbound mail session [java:jboss/mail/Default]
2019-12-26 13:57:29,242 INFO  [org.jboss.as.connector.subsystems.datasources] (MSC service thread 1-4) WFLYJCA0099: Unbound non-transactional data source: java:jboss/postgresDS
2019-12-26 13:57:29,288 INFO  [org.wildfly.extension.undertow] (MSC service thread 1-2) WFLYUT0019: Host default-host stopping
2019-12-26 13:57:29,294 INFO  [org.jboss.as.connector.deployers.jdbc] (MSC service thread 1-2) WFLYJCA0019: Stopped Driver service with driver-name = postgresql
2019-12-26 13:57:29,308 INFO  [org.wildfly.extension.undertow] (MSC service thread 1-6) WFLYUT0004: Undertow 2.0.13.Final stopping
2019-12-26 13:57:29,338 FATAL [org.jboss.as.server] (Controller Boot Thread) WFLYSRV0056: Server boot has failed in an unrecoverable manner; exiting. See previous messages for details.
2019-12-26 13:57:29,396 INFO  [org.jboss.as] (MSC service thread 1-7) WFLYSRV0050: WildFly Full 14.0.1.Final (WildFly Core 6.0.2.Final) stopped in 52ms
